#
# There is insufficient memory for the Java Runtime Environment to continue.
# Native memory allocation (mmap) failed to map 255852544 bytes. Error detail: G1 virtual space
# Possible reasons:
#   The system is out of physical RAM or swap space
#   This process is running with CompressedOops enabled, and the Java Heap may be blocking the growth of the native heap
# Possible solutions:
#   Reduce memory load on the system
#   Increase physical memory or swap space
#   Check if swap backing store is full
#   Decrease Java heap size (-Xmx/-Xms)
#   Decrease number of Java threads
#   Decrease Java thread stack sizes (-Xss)
#   Set larger code cache with -XX:ReservedCodeCacheSize=
#   JVM is running with Zero Based Compressed Oops mode in which the Java heap is
#     placed in the first 32GB address space. The Java Heap base address is the
#     maximum limit for the native heap growth. Please use -XX:HeapBaseMinAddress
#     to set the Java Heap base and to place the Java Heap above 32GB virtual address.
# This output file may be truncated or incomplete.
#
#  Out of Memory Error (os_windows.cpp:3613), pid=69280, tid=72852
#
# JRE version:  (17.0.12+7) (build )
# Java VM: OpenJDK 64-Bit Server VM (17.0.12+7-LTS, mixed mode, sharing, tiered, compressed oops, compressed class ptrs, g1 gc, windows-amd64)
# No core dump will be written. Minidumps are not enabled by default on client versions of Windows
#

---------------  S U M M A R Y ------------

Command Line: org.jetbrains.kotlin.cli.jvm.K2JVMCompiler @D:\Android\projects\eCommerce\domain\build\20241008_7216351840147844459.compiler.options

Host: AMD Ryzen 7 6800HS with Radeon Graphics         , 16 cores, 15G,  Windows 11 , 64 bit Build 22621 (10.0.22621.3958)
Time: Tue Oct  8 19:07:46 2024 Iran Standard Time elapsed time: 0.020069 seconds (0d 0h 0m 0s)

---------------  T H R E A D  ---------------

Current thread (0x0000018a55676ab0):  JavaThread "Unknown thread" [_thread_in_vm, id=72852, stack(0x0000000938e00000,0x0000000938f00000)]

Stack: [0x0000000938e00000,0x0000000938f00000]
Native frames: (J=compiled Java code, j=interpreted, Vv=VM code, C=native code)
V  [jvm.dll+0x67f4f9]
V  [jvm.dll+0x836eaa]
V  [jvm.dll+0x83896e]
V  [jvm.dll+0x838fd3]
V  [jvm.dll+0x247f6f]
V  [jvm.dll+0x67c2b9]
V  [jvm.dll+0x670d7a]
V  [jvm.dll+0x307b5b]
V  [jvm.dll+0x30f046]
V  [jvm.dll+0x35f22e]
V  [jvm.dll+0x35f46f]
V  [jvm.dll+0x2deb7c]
V  [jvm.dll+0x2dfad4]
V  [jvm.dll+0x80870b]
V  [jvm.dll+0x36cfa1]
V  [jvm.dll+0x7e70f5]
V  [jvm.dll+0x3f0adf]
V  [jvm.dll+0x3f2631]
C  [jli.dll+0x528f]
C  [ucrtbase.dll+0x29333]
C  [KERNEL32.DLL+0x1257d]
C  [ntdll.dll+0x5af08]


---------------  P R O C E S S  ---------------

Threads class SMR info:
_java_thread_list=0x00007ff8d7226f18, length=0, elements={
}

Java Threads: ( => current thread )

Other Threads:
  0x0000018a556e23d0 GCTaskThread "GC Thread#0" [stack: 0x0000000938f00000,0x0000000939000000] [id=68896]
  0x0000018a556f2620 ConcurrentGCThread "G1 Main Marker" [stack: 0x0000000939000000,0x0000000939100000] [id=71484]
  0x0000018a556f2f40 ConcurrentGCThread "G1 Conc#0" [stack: 0x0000000939100000,0x0000000939200000] [id=57984]

[error occurred during error reporting (printing all threads), id 0xc0000005, EXCEPTION_ACCESS_VIOLATION (0xc0000005) at pc=0x00007ff8d69df277]

VM state: not at safepoint (not fully initialized)

VM Mutex/Monitor currently owned by a thread:  ([mutex/lock_event])
[0x0000018a55672700] Heap_lock - owner thread: 0x0000018a55676ab0

Heap address: 0x000000070c000000, size: 3904 MB, Compressed Oops mode: Zero based, Oop shift amount: 3

CDS archive(s) mapped at: [0x0000000000000000-0x0000000000000000-0x0000000000000000), size 0, SharedBaseAddress: 0x0000000800000000, ArchiveRelocationMode: 1.
Narrow klass base: 0x0000000000000000, Narrow klass shift: 0, Narrow klass range: 0x0

GC Precious Log:
<Empty>

Heap:
 garbage-first heap   total 0K, used 0K [0x000000070c000000, 0x0000000800000000)
  region size 2048K, 0 young (0K), 0 survivors (0K)

[error occurred during error reporting (printing heap information), id 0xc0000005, EXCEPTION_ACCESS_VIOLATION (0xc0000005) at pc=0x00007ff8d6dc8829]

GC Heap History (0 events):
No events

Dll operation events (1 events):
Event: 0.013 Loaded shared library D:\Android\.jdk\corretto-17.0.12\bin\java.dll

Deoptimization events (0 events):
No events

Classes loaded (0 events):
No events

Classes unloaded (0 events):
No events

Classes redefined (0 events):
No events

Internal exceptions (0 events):
No events

VM Operations (0 events):
No events

Events (0 events):
No events


Dynamic libraries:
0x00007ff62c440000 - 0x00007ff62c44e000 	D:\Android\.jdk\corretto-17.0.12\bin\java.exe
0x00007ff949ef0000 - 0x00007ff94a107000 	C:\WINDOWS\SYSTEM32\ntdll.dll
0x00007ff9492c0000 - 0x00007ff949384000 	C:\WINDOWS\System32\KERNEL32.DLL
0x00007ff9473d0000 - 0x00007ff947787000 	C:\WINDOWS\System32\KERNELBASE.dll
0x00007ff947990000 - 0x00007ff947aa1000 	C:\WINDOWS\System32\ucrtbase.dll
0x00007ff931540000 - 0x00007ff93155b000 	D:\Android\.jdk\corretto-17.0.12\bin\VCRUNTIME140.dll
0x00007ff932290000 - 0x00007ff9322a7000 	D:\Android\.jdk\corretto-17.0.12\bin\jli.dll
0x00007ff948340000 - 0x00007ff9484ef000 	C:\WINDOWS\System32\USER32.dll
0x00007ff934960000 - 0x00007ff934bf3000 	C:\WINDOWS\WinSxS\amd64_microsoft.windows.common-controls_6595b64144ccf1df_6.0.22621.3672_none_2713b9d173822955\COMCTL32.dll
0x00007ff9477c0000 - 0x00007ff9477e6000 	C:\WINDOWS\System32\win32u.dll
0x00007ff949b40000 - 0x00007ff949be7000 	C:\WINDOWS\System32\msvcrt.dll
0x00007ff949160000 - 0x00007ff949189000 	C:\WINDOWS\System32\GDI32.dll
0x00007ff947870000 - 0x00007ff947988000 	C:\WINDOWS\System32\gdi32full.dll
0x00007ff947200000 - 0x00007ff94729a000 	C:\WINDOWS\System32\msvcp_win.dll
0x00007ff949470000 - 0x00007ff9494a1000 	C:\WINDOWS\System32\IMM32.DLL
0x00007ff90ec70000 - 0x00007ff90ed5b000 	C:\Program Files\Windhawk\Engine\1.5.1\64\windhawk.dll
0x00007ff9490a0000 - 0x00007ff949152000 	C:\WINDOWS\System32\ADVAPI32.dll
0x00007ff948700000 - 0x00007ff9487a8000 	C:\WINDOWS\System32\sechost.dll
0x00007ff9437a0000 - 0x00007ff9438d6000 	C:\WINDOWS\SYSTEM32\WINHTTP.dll
0x00007ff947790000 - 0x00007ff9477b8000 	C:\WINDOWS\System32\bcrypt.dll
0x00007ff949860000 - 0x00007ff949974000 	C:\WINDOWS\System32\RPCRT4.dll
0x00007ff940ee0000 - 0x00007ff940eec000 	D:\Android\.jdk\corretto-17.0.12\bin\vcruntime140_1.dll
0x00007ff90bc40000 - 0x00007ff90bccd000 	D:\Android\.jdk\corretto-17.0.12\bin\msvcp140.dll
0x00007ff8d66f0000 - 0x00007ff8d735a000 	D:\Android\.jdk\corretto-17.0.12\bin\server\jvm.dll
0x00007ff9487b0000 - 0x00007ff948821000 	C:\WINDOWS\System32\WS2_32.dll
0x00007ff9460d0000 - 0x00007ff94611d000 	C:\WINDOWS\SYSTEM32\POWRPROF.dll
0x00007ff945ed0000 - 0x00007ff945eda000 	C:\WINDOWS\SYSTEM32\VERSION.dll
0x00007ff9427c0000 - 0x00007ff9427f4000 	C:\WINDOWS\SYSTEM32\WINMM.dll
0x00007ff946090000 - 0x00007ff9460a3000 	C:\WINDOWS\SYSTEM32\UMPDC.dll
0x00007ff946340000 - 0x00007ff946358000 	C:\WINDOWS\SYSTEM32\kernel.appcore.dll
0x00007ff932320000 - 0x00007ff93232a000 	D:\Android\.jdk\corretto-17.0.12\bin\jimage.dll
0x00007ff945570000 - 0x00007ff9457a2000 	C:\WINDOWS\SYSTEM32\DBGHELP.DLL
0x00007ff9494b0000 - 0x00007ff94983e000 	C:\WINDOWS\System32\combase.dll
0x00007ff947c20000 - 0x00007ff947cf7000 	C:\WINDOWS\System32\OLEAUT32.dll
0x00007ff93e3f0000 - 0x00007ff93e422000 	C:\WINDOWS\SYSTEM32\dbgcore.DLL
0x00007ff9477f0000 - 0x00007ff94786b000 	C:\WINDOWS\System32\bcryptPrimitives.dll
0x00007ff9305b0000 - 0x00007ff9305d5000 	D:\Android\.jdk\corretto-17.0.12\bin\java.dll

dbghelp: loaded successfully - version: 4.0.5 - missing functions: none
symbol engine: initialized successfully - sym options: 0x614 - pdb path: .;D:\Android\.jdk\corretto-17.0.12\bin;C:\WINDOWS\SYSTEM32;C:\WINDOWS\WinSxS\amd64_microsoft.windows.common-controls_6595b64144ccf1df_6.0.22621.3672_none_2713b9d173822955;C:\Program Files\Windhawk\Engine\1.5.1\64;D:\Android\.jdk\corretto-17.0.12\bin\server

VM Arguments:
java_command: org.jetbrains.kotlin.cli.jvm.K2JVMCompiler @D:\Android\projects\eCommerce\domain\build\20241008_7216351840147844459.compiler.options
java_class_path (initial): D:\Android\.gradle\caches\modules-2\files-2.1\org.jetbrains.kotlin\kotlin-compiler-embeddable\1.9.0\2c8c3a7402becca891f12739b3e9fd2dc2adbd7a\kotlin-compiler-embeddable-1.9.0.jar;D:\Android\.gradle\caches\modules-2\files-2.1\org.jetbrains.kotlin\kotlin-stdlib\1.9.0\8ee15ef0c67dc83d874f412d84378d7f0eb50b63\kotlin-stdlib-1.9.0.jar;D:\Android\.gradle\caches\modules-2\files-2.1\org.jetbrains.kotlin\kotlin-script-runtime\1.9.0\4b3102cbbb7e1b58d9d1adf89563f00069ffa7d1\kotlin-script-runtime-1.9.0.jar;D:\Android\.gradle\caches\modules-2\files-2.1\org.jetbrains.kotlin\kotlin-reflect\1.6.10\1cbe9c92c12a94eea200d23c2bbaedaf3daf5132\kotlin-reflect-1.6.10.jar;D:\Android\.gradle\caches\modules-2\files-2.1\org.jetbrains.kotlin\kotlin-daemon-embeddable\1.9.0\186543f5e28cf8d9a0290fecc2cf34301c40a65c\kotlin-daemon-embeddable-1.9.0.jar;D:\Android\.gradle\caches\modules-2\files-2.1\org.jetbrains.intellij.deps\trove4j\1.0.20200330\3afb14d5f9ceb459d724e907a21145e8ff394f02\trove4j-1.0.20200330.jar;D:\Android\.gradle\caches\modules-2\files-2.1\org.jetbrains.kotlin\kotlin-stdlib-common\1.9.0\cd65c21cfd1eec4d44ef09f9f52b6d9f8a720636\kotlin-stdlib-common-1.9.0.jar;D:\Android\.gradle\caches\modules-2\files-2.1\org.jetbrains\annotations\13.0\919f0dfe192fb4e063e7dacadee7f8bb9a2672a9\annotations-13.0.jar
Launcher Type: SUN_STANDARD

[Global flags]
     intx CICompilerCount                          = 12                                        {product} {ergonomic}
     uint ConcGCThreads                            = 3                                         {product} {ergonomic}
     uint G1ConcRefinementThreads                  = 13                                        {product} {ergonomic}
   size_t G1HeapRegionSize                         = 2097152                                   {product} {ergonomic}
    uintx GCDrainStackTargetSize                   = 64                                        {product} {ergonomic}
   size_t InitialHeapSize                          = 255852544                                 {product} {ergonomic}
   size_t MarkStackSize                            = 4194304                                   {product} {ergonomic}
   size_t MaxHeapSize                              = 4093640704                                {product} {ergonomic}
   size_t MinHeapDeltaBytes                        = 2097152                                   {product} {ergonomic}
   size_t MinHeapSize                              = 8388608                                   {product} {ergonomic}
    uintx NonNMethodCodeHeapSize                   = 7602480                                {pd product} {ergonomic}
    uintx NonProfiledCodeHeapSize                  = 122027880                              {pd product} {ergonomic}
    uintx ProfiledCodeHeapSize                     = 122027880                              {pd product} {ergonomic}
    uintx ReservedCodeCacheSize                    = 251658240                              {pd product} {ergonomic}
     bool SegmentedCodeCache                       = true                                      {product} {ergonomic}
   size_t SoftMaxHeapSize                          = 4093640704                             {manageable} {ergonomic}
     bool UseCompressedClassPointers               = true                           {product lp64_product} {ergonomic}
     bool UseCompressedOops                        = true                           {product lp64_product} {ergonomic}
     bool UseG1GC                                  = true                                      {product} {ergonomic}
     bool UseLargePagesIndividualAllocation        = false                                  {pd product} {ergonomic}

Logging:
Log output configuration:
 #0: stdout all=warning uptime,level,tags
 #1: stderr all=off uptime,level,tags

Environment Variables:
PATH=C:\WINDOWS\system32;C:\WINDOWS;C:\WINDOWS\System32\Wbem;C:\WINDOWS\System32\WindowsPowerShell\v1.0\;C:\WINDOWS\System32\OpenSSH\;C:\Program Files\dotnet\;C:\Program Files (x86)\NVIDIA Corporation\PhysX\Common;C:\Program Files\NVIDIA Corporation\NVIDIA NvDLISR;C:\Program Files\Git\cmd;C:\Users\Asus\AppData\Local\Microsoft\WindowsApps;
USERNAME=Asus
OS=Windows_NT
PROCESSOR_IDENTIFIER=AMD64 Family 25 Model 68 Stepping 1, AuthenticAMD
TMP=C:\Users\Asus\AppData\Local\Temp
TEMP=C:\Users\Asus\AppData\Local\Temp



Periodic native trim disabled


---------------  S Y S T E M  ---------------

OS:
 Windows 11 , 64 bit Build 22621 (10.0.22621.3958)
OS uptime: 1 days 22:51 hours

CPU: total 16 (initial active 16) (16 cores per cpu, 2 threads per core) family 25 model 68 stepping 1 microcode 0x0, cx8, cmov, fxsr, ht, mmx, 3dnowpref, sse, sse2, sse3, ssse3, sse4a, sse4.1, sse4.2, popcnt, lzcnt, tsc, tscinvbit, avx, avx2, aes, clmul, bmi1, bmi2, adx, sha, fma, vzeroupper, clflush, clflushopt
Processor Information for all 16 processors :
  Max Mhz: 3201, Current Mhz: 2508, Mhz Limit: 3201

Memory: 4k page, system-wide physical 15608M (472M free)
TotalPageFile size 22002M (AvailPageFile size 226M)
current process WorkingSet (physical memory assigned to process): 12M, peak: 12M
current process commit charge ("private bytes"): 71M, peak: 315M

vm_info: OpenJDK 64-Bit Server VM (17.0.12+7-LTS) for windows-amd64 JRE (17.0.12+7-LTS), built on Jul 10 2024 20:46:33 by "Administrator" with MS VC++ 16.10 / 16.11 (VS2019)

END.
