#
# There is insufficient memory for the Java Runtime Environment to continue.
# Native memory allocation (malloc) failed to allocate 1527216 bytes. Error detail: Chunk::new
# Possible reasons:
#   The system is out of physical RAM or swap space
#   This process is running with CompressedOops enabled, and the Java Heap may be blocking the growth of the native heap
# Possible solutions:
#   Reduce memory load on the system
#   Increase physical memory or swap space
#   Check if swap backing store is full
#   Decrease Java heap size (-Xmx/-Xms)
#   Decrease number of Java threads
#   Decrease Java thread stack sizes (-Xss)
#   Set larger code cache with -XX:ReservedCodeCacheSize=
#   JVM is running with Unscaled Compressed Oops mode in which the Java heap is
#     placed in the first 4GB address space. The Java Heap base address is the
#     maximum limit for the native heap growth. Please use -XX:HeapBaseMinAddress
#     to set the Java Heap base and to place the Java Heap above 4GB virtual address.
# This output file may be truncated or incomplete.
#
#  Out of Memory Error (arena.cpp:191), pid=71436, tid=74476
#
# JRE version: OpenJDK Runtime Environment Corretto-17.0.12.7.1 (17.0.12+7) (build 17.0.12+7-LTS)
# Java VM: OpenJDK 64-Bit Server VM Corretto-17.0.12.7.1 (17.0.12+7-LTS, mixed mode, sharing, tiered, compressed oops, compressed class ptrs, g1 gc, windows-amd64)
# No core dump will be written. Minidumps are not enabled by default on client versions of Windows
#

---------------  S U M M A R Y ------------

Command Line: --add-opens=java.base/java.util=ALL-UNNAMED --add-opens=java.base/java.lang=ALL-UNNAMED --add-opens=java.base/java.lang.invoke=ALL-UNNAMED --add-opens=java.prefs/java.util.prefs=ALL-UNNAMED --add-opens=java.base/java.nio.charset=ALL-UNNAMED --add-opens=java.base/java.net=ALL-UNNAMED --add-opens=java.base/java.util.concurrent.atomic=ALL-UNNAMED -Xmx2048m -Dfile.encoding=UTF-8 -Duser.country=US -Duser.language=en -Duser.variant -javaagent:D:\Android\.gradle\wrapper\dists\gradle-8.7-bin\bhs2wmbdwecv87pi65oeuq5iu\gradle-8.7\lib\agents\gradle-instrumentation-agent-8.7.jar org.gradle.launcher.daemon.bootstrap.GradleDaemon 8.7

Host: AMD Ryzen 7 6800HS with Radeon Graphics         , 16 cores, 15G,  Windows 11 , 64 bit Build 22621 (10.0.22621.3958)
Time: Tue Oct  8 19:10:20 2024 Iran Standard Time elapsed time: 23.417448 seconds (0d 0h 0m 23s)

---------------  T H R E A D  ---------------

Current thread (0x000001a799b31160):  JavaThread "C2 CompilerThread2" daemon [_thread_in_native, id=74476, stack(0x00000066fbe00000,0x00000066fbf00000)]


Current CompileTask:
C2:  23417 15120   !   4       java.io.ObjectOutputStream::writeObject0 (620 bytes)

Stack: [0x00000066fbe00000,0x00000066fbf00000]
Native frames: (J=compiled Java code, j=interpreted, Vv=VM code, C=native code)
V  [jvm.dll+0x67f4f9]
V  [jvm.dll+0x836eaa]
V  [jvm.dll+0x83896e]
V  [jvm.dll+0x838fd3]
V  [jvm.dll+0x247f6f]
V  [jvm.dll+0xac9d4]
V  [jvm.dll+0xad01c]
V  [jvm.dll+0x367042]
V  [jvm.dll+0x1bd266]
V  [jvm.dll+0x21a659]
V  [jvm.dll+0x219941]
V  [jvm.dll+0x1a57bd]
V  [jvm.dll+0x22966d]
V  [jvm.dll+0x22781c]
V  [jvm.dll+0x7ebec7]
V  [jvm.dll+0x7e62ac]
V  [jvm.dll+0x67e3c7]
C  [ucrtbase.dll+0x29333]
C  [KERNEL32.DLL+0x1257d]
C  [ntdll.dll+0x5af08]


---------------  P R O C E S S  ---------------

Threads class SMR info:
_java_thread_list=0x000001a793a9fc50, length=125, elements={
0x000001a72e809640, 0x000001a74d666780, 0x000001a74d667f60, 0x000001a74d7ce130,
0x000001a74d7cec00, 0x000001a74d7cf6c0, 0x000001a74d7d0080, 0x000001a74d7da1b0,
0x000001a74d7e3c80, 0x000001a74d7e4680, 0x000001a74d9865d0, 0x000001a74da960b0,
0x000001a795798650, 0x000001a7949bd780, 0x000001a794caf520, 0x000001a7943fe6d0,
0x000001a794bddda0, 0x000001a7948fda70, 0x000001a7948fd560, 0x000001a7948fdf80,
0x000001a7948fe490, 0x000001a7948fe9a0, 0x000001a795038790, 0x000001a79503ab00,
0x000001a79503ecd0, 0x000001a7950396c0, 0x000001a795038ca0, 0x000001a7950391b0,
0x000001a79503bf40, 0x000001a795038280, 0x000001a79503e2b0, 0x000001a79503a0e0,
0x000001a79503e7c0, 0x000001a79503a5f0, 0x000001a79503b520, 0x000001a79503c450,
0x000001a79503ce70, 0x000001a79503d890, 0x000001a79503fc00, 0x000001a7983e0ba0,
0x000001a7983e3930, 0x000001a7983e3420, 0x000001a7983df250, 0x000001a7983dcee0,
0x000001a7983dde10, 0x000001a7983e1ad0, 0x000001a7983df760, 0x000001a7983dfc70,
0x000001a7983e10b0, 0x000001a7983de830, 0x000001a7983e4350, 0x000001a7983dd3f0,
0x000001a7983e0180, 0x000001a7983e3e40, 0x000001a7983e0690, 0x000001a7983ded40,
0x000001a7983e15c0, 0x000001a7983e24f0, 0x000001a7983e2a00, 0x000001a7983e2f10,
0x000001a7983e4860, 0x000001a7983dd900, 0x000001a798205ef0, 0x000001a798206400,
0x000001a798208770, 0x000001a798206e20, 0x000001a793233450, 0x000001a793233960,
0x000001a793237110, 0x000001a793234890, 0x000001a793238a60, 0x000001a793237b30,
0x000001a7932361e0, 0x000001a793238550, 0x000001a793232f40, 0x000001a793233e70,
0x000001a793235cd0, 0x000001a793234380, 0x000001a793237620, 0x000001a793238040,
0x000001a7932366f0, 0x000001a793236c00, 0x000001a793238f70, 0x000001a793239480,
0x000001a7932352b0, 0x000001a793232010, 0x000001a793239990, 0x000001a7932357c0,
0x000001a793232520, 0x000001a793232a30, 0x000001a799b0aa50, 0x000001a799b0d2d0,
0x000001a799b086e0, 0x000001a799b06880, 0x000001a799b09100, 0x000001a799b0af60,
0x000001a799b0c3a0, 0x000001a799b06370, 0x000001a799b081d0, 0x000001a799b072a0,
0x000001a799b08bf0, 0x000001a799b06d90, 0x000001a799b077b0, 0x000001a799b0b470,
0x000001a799b07cc0, 0x000001a799b09b20, 0x000001a799b09610, 0x000001a799b0cdc0,
0x000001a799b0a030, 0x000001a799b0a540, 0x000001a799b0be90, 0x000001a799b0b980,
0x000001a799b0c8b0, 0x000001a799b0d7e0, 0x000001a799b34130, 0x000001a7975a83c0,
0x000001a7975a6f80, 0x000001a7975a3ce0, 0x000001a7975a6a70, 0x000001a799b326a0,
0x000001a799b31160, 0x000001a799b33140, 0x000001a799b33690, 0x000001a7975a79a0,
0x000001a7975a7eb0
}

Java Threads: ( => current thread )
  0x000001a72e809640 JavaThread "main" [_thread_blocked, id=72204, stack(0x00000066f3000000,0x00000066f3100000)]
  0x000001a74d666780 JavaThread "Reference Handler" daemon [_thread_blocked, id=14280, stack(0x00000066f3700000,0x00000066f3800000)]
  0x000001a74d667f60 JavaThread "Finalizer" daemon [_thread_blocked, id=71172, stack(0x00000066f3800000,0x00000066f3900000)]
  0x000001a74d7ce130 JavaThread "Signal Dispatcher" daemon [_thread_blocked, id=68588, stack(0x00000066f3900000,0x00000066f3a00000)]
  0x000001a74d7cec00 JavaThread "Attach Listener" daemon [_thread_blocked, id=67436, stack(0x00000066f3a00000,0x00000066f3b00000)]
  0x000001a74d7cf6c0 JavaThread "Service Thread" daemon [_thread_blocked, id=70376, stack(0x00000066f3b00000,0x00000066f3c00000)]
  0x000001a74d7d0080 JavaThread "Monitor Deflation Thread" daemon [_thread_blocked, id=66960, stack(0x00000066f3c00000,0x00000066f3d00000)]
  0x000001a74d7da1b0 JavaThread "C2 CompilerThread0" daemon [_thread_in_native, id=57696, stack(0x00000066f3d00000,0x00000066f3e00000)]
  0x000001a74d7e3c80 JavaThread "C1 CompilerThread0" daemon [_thread_in_native, id=57156, stack(0x00000066f3e00000,0x00000066f3f00000)]
  0x000001a74d7e4680 JavaThread "Sweeper thread" daemon [_thread_blocked, id=52044, stack(0x00000066f3f00000,0x00000066f4000000)]
  0x000001a74d9865d0 JavaThread "Common-Cleaner" daemon [_thread_blocked, id=41032, stack(0x00000066f4300000,0x00000066f4400000)]
  0x000001a74da960b0 JavaThread "Notification Thread" daemon [_thread_blocked, id=73876, stack(0x00000066f4500000,0x00000066f4600000)]
  0x000001a795798650 JavaThread "Daemon health stats" [_thread_blocked, id=73792, stack(0x00000066f4c00000,0x00000066f4d00000)]
  0x000001a7949bd780 JavaThread "Incoming local TCP Connector on port 62679" [_thread_in_native, id=46792, stack(0x00000066f4d00000,0x00000066f4e00000)]
  0x000001a794caf520 JavaThread "Daemon periodic checks" [_thread_blocked, id=72644, stack(0x00000066f4e00000,0x00000066f4f00000)]
  0x000001a7943fe6d0 JavaThread "Daemon" [_thread_blocked, id=66876, stack(0x00000066f4f00000,0x00000066f5000000)]
  0x000001a794bddda0 JavaThread "Handler for socket connection from /127.0.0.1:62679 to /127.0.0.1:62680" [_thread_in_native, id=28140, stack(0x00000066f5000000,0x00000066f5100000)]
  0x000001a7948fda70 JavaThread "Cancel handler" [_thread_blocked, id=72424, stack(0x00000066f5100000,0x00000066f5200000)]
  0x000001a7948fd560 JavaThread "Daemon worker" [_thread_blocked, id=72672, stack(0x00000066f5200000,0x00000066f5300000)]
  0x000001a7948fdf80 JavaThread "Asynchronous log dispatcher for DefaultDaemonConnection: socket connection from /127.0.0.1:62679 to /127.0.0.1:62680" [_thread_blocked, id=70636, stack(0x00000066f5300000,0x00000066f5400000)]
  0x000001a7948fe490 JavaThread "Stdin handler" [_thread_blocked, id=74376, stack(0x00000066f5400000,0x00000066f5500000)]
  0x000001a7948fe9a0 JavaThread "Daemon client event forwarder" [_thread_blocked, id=71852, stack(0x00000066f5500000,0x00000066f5600000)]
  0x000001a795038790 JavaThread "Cache worker for journal cache (D:\Android\.gradle\caches\journal-1)" [_thread_blocked, id=74324, stack(0x00000066f5600000,0x00000066f5700000)]
  0x000001a79503ab00 JavaThread "File lock request listener" [_thread_in_native, id=73332, stack(0x00000066f5700000,0x00000066f5800000)]
  0x000001a79503ecd0 JavaThread "Cache worker for file hash cache (D:\Android\.gradle\caches\8.7\fileHashes)" [_thread_blocked, id=57308, stack(0x00000066f5800000,0x00000066f5900000)]
  0x000001a7950396c0 JavaThread "Cache worker for file hash cache (D:\Android\projects\eCommerce\.gradle\8.7\fileHashes)" [_thread_blocked, id=62192, stack(0x00000066f5900000,0x00000066f5a00000)]
  0x000001a795038ca0 JavaThread "File watcher server" daemon [_thread_in_native, id=55028, stack(0x00000066f5c00000,0x00000066f5d00000)]
  0x000001a7950391b0 JavaThread "File watcher consumer" daemon [_thread_blocked, id=74012, stack(0x00000066f5d00000,0x00000066f5e00000)]
  0x000001a79503bf40 JavaThread "Cache worker for checksums cache (D:\Android\projects\eCommerce\.gradle\8.7\checksums)" [_thread_blocked, id=71528, stack(0x00000066f6800000,0x00000066f6900000)]
  0x000001a795038280 JavaThread "Cache worker for cache directory md-supplier (D:\Android\.gradle\caches\8.7\md-supplier)" [_thread_blocked, id=70308, stack(0x00000066f6900000,0x00000066f6a00000)]
  0x000001a79503e2b0 JavaThread "Cache worker for cache directory md-rule (D:\Android\.gradle\caches\8.7\md-rule)" [_thread_blocked, id=72748, stack(0x00000066f6a00000,0x00000066f6b00000)]
  0x000001a79503a0e0 JavaThread "Cache worker for file content cache (D:\Android\.gradle\caches\8.7\fileContent)" [_thread_blocked, id=70932, stack(0x00000066f6b00000,0x00000066f6c00000)]
  0x000001a79503e7c0 JavaThread "Cache worker for Build Output Cleanup Cache (D:\Android\projects\eCommerce\.gradle\buildOutputCleanup)" [_thread_blocked, id=69972, stack(0x00000066f5b00000,0x00000066f5c00000)]
  0x000001a79503a5f0 JavaThread "Unconstrained build operations" [_thread_blocked, id=54268, stack(0x00000066f5a00000,0x00000066f5b00000)]
  0x000001a79503b520 JavaThread "Unconstrained build operations Thread 2" [_thread_blocked, id=74536, stack(0x00000066f6c00000,0x00000066f6d00000)]
  0x000001a79503c450 JavaThread "Unconstrained build operations Thread 3" [_thread_blocked, id=73580, stack(0x00000066f6d00000,0x00000066f6e00000)]
  0x000001a79503ce70 JavaThread "Unconstrained build operations Thread 4" [_thread_blocked, id=69388, stack(0x00000066f6e00000,0x00000066f6f00000)]
  0x000001a79503d890 JavaThread "Unconstrained build operations Thread 5" [_thread_blocked, id=74156, stack(0x00000066f6f00000,0x00000066f7000000)]
  0x000001a79503fc00 JavaThread "Unconstrained build operations Thread 6" [_thread_blocked, id=74056, stack(0x00000066f7000000,0x00000066f7100000)]
  0x000001a7983e0ba0 JavaThread "Unconstrained build operations Thread 7" [_thread_blocked, id=74432, stack(0x00000066f7100000,0x00000066f7200000)]
  0x000001a7983e3930 JavaThread "Unconstrained build operations Thread 8" [_thread_blocked, id=56580, stack(0x00000066f7200000,0x00000066f7300000)]
  0x000001a7983e3420 JavaThread "Unconstrained build operations Thread 9" [_thread_blocked, id=70672, stack(0x00000066f7300000,0x00000066f7400000)]
  0x000001a7983df250 JavaThread "Unconstrained build operations Thread 10" [_thread_blocked, id=72128, stack(0x00000066f7400000,0x00000066f7500000)]
  0x000001a7983dcee0 JavaThread "Unconstrained build operations Thread 11" [_thread_blocked, id=74352, stack(0x00000066f7500000,0x00000066f7600000)]
  0x000001a7983dde10 JavaThread "Unconstrained build operations Thread 12" [_thread_blocked, id=69064, stack(0x00000066f7600000,0x00000066f7700000)]
  0x000001a7983e1ad0 JavaThread "Unconstrained build operations Thread 13" [_thread_blocked, id=73388, stack(0x00000066f7700000,0x00000066f7800000)]
  0x000001a7983df760 JavaThread "Unconstrained build operations Thread 14" [_thread_blocked, id=72612, stack(0x00000066f7800000,0x00000066f7900000)]
  0x000001a7983dfc70 JavaThread "Unconstrained build operations Thread 15" [_thread_blocked, id=52212, stack(0x00000066f7900000,0x00000066f7a00000)]
  0x000001a7983e10b0 JavaThread "Unconstrained build operations Thread 16" [_thread_blocked, id=53460, stack(0x00000066f7a00000,0x00000066f7b00000)]
  0x000001a7983de830 JavaThread "Unconstrained build operations Thread 17" [_thread_blocked, id=51604, stack(0x00000066f7b00000,0x00000066f7c00000)]
  0x000001a7983e4350 JavaThread "Unconstrained build operations Thread 18" [_thread_blocked, id=73264, stack(0x00000066f7c00000,0x00000066f7d00000)]
  0x000001a7983dd3f0 JavaThread "Unconstrained build operations Thread 19" [_thread_blocked, id=69796, stack(0x00000066f7d00000,0x00000066f7e00000)]
  0x000001a7983e0180 JavaThread "Unconstrained build operations Thread 20" [_thread_blocked, id=72632, stack(0x00000066f7e00000,0x00000066f7f00000)]
  0x000001a7983e3e40 JavaThread "Unconstrained build operations Thread 21" [_thread_blocked, id=40472, stack(0x00000066f7f00000,0x00000066f8000000)]
  0x000001a7983e0690 JavaThread "Unconstrained build operations Thread 22" [_thread_blocked, id=70440, stack(0x00000066f8000000,0x00000066f8100000)]
  0x000001a7983ded40 JavaThread "Unconstrained build operations Thread 23" [_thread_blocked, id=71500, stack(0x00000066f8100000,0x00000066f8200000)]
  0x000001a7983e15c0 JavaThread "Unconstrained build operations Thread 24" [_thread_blocked, id=73240, stack(0x00000066f8200000,0x00000066f8300000)]
  0x000001a7983e24f0 JavaThread "Unconstrained build operations Thread 25" [_thread_blocked, id=73068, stack(0x00000066f8300000,0x00000066f8400000)]
  0x000001a7983e2a00 JavaThread "Unconstrained build operations Thread 26" [_thread_blocked, id=52528, stack(0x00000066f8400000,0x00000066f8500000)]
  0x000001a7983e2f10 JavaThread "Unconstrained build operations Thread 27" [_thread_blocked, id=73056, stack(0x00000066f8500000,0x00000066f8600000)]
  0x000001a7983e4860 JavaThread "Unconstrained build operations Thread 28" [_thread_blocked, id=70852, stack(0x00000066f8600000,0x00000066f8700000)]
  0x000001a7983dd900 JavaThread "Unconstrained build operations Thread 29" [_thread_blocked, id=67488, stack(0x00000066f8700000,0x00000066f8800000)]
  0x000001a798205ef0 JavaThread "Unconstrained build operations Thread 30" [_thread_blocked, id=68096, stack(0x00000066f8800000,0x00000066f8900000)]
  0x000001a798206400 JavaThread "build event listener" [_thread_blocked, id=72628, stack(0x00000066f8900000,0x00000066f8a00000)]
  0x000001a798208770 JavaThread "Memory manager" [_thread_blocked, id=67396, stack(0x00000066f8a00000,0x00000066f8b00000)]
  0x000001a798206e20 JavaThread "build event listener" [_thread_blocked, id=70240, stack(0x00000066f8c00000,0x00000066f8d00000)]
  0x000001a793233450 JavaThread "included builds" [_thread_blocked, id=73260, stack(0x00000066f8d00000,0x00000066f8e00000)]
  0x000001a793233960 JavaThread "Execution worker" [_thread_blocked, id=70380, stack(0x00000066f8e00000,0x00000066f8f00000)]
  0x000001a793237110 JavaThread "Execution worker Thread 2" [_thread_blocked, id=68724, stack(0x00000066f8f00000,0x00000066f9000000)]
  0x000001a793234890 JavaThread "Execution worker Thread 3" [_thread_blocked, id=69520, stack(0x00000066f9000000,0x00000066f9100000)]
  0x000001a793238a60 JavaThread "Execution worker Thread 4" [_thread_blocked, id=63292, stack(0x00000066f9100000,0x00000066f9200000)]
  0x000001a793237b30 JavaThread "Execution worker Thread 5" [_thread_blocked, id=63412, stack(0x00000066f9200000,0x00000066f9300000)]
  0x000001a7932361e0 JavaThread "Execution worker Thread 6" [_thread_blocked, id=61748, stack(0x00000066f9300000,0x00000066f9400000)]
  0x000001a793238550 JavaThread "Execution worker Thread 7" [_thread_blocked, id=61160, stack(0x00000066f9400000,0x00000066f9500000)]
  0x000001a793232f40 JavaThread "Execution worker Thread 8" [_thread_blocked, id=56060, stack(0x00000066f9500000,0x00000066f9600000)]
  0x000001a793233e70 JavaThread "Execution worker Thread 9" [_thread_blocked, id=43204, stack(0x00000066f9600000,0x00000066f9700000)]
  0x000001a793235cd0 JavaThread "Execution worker Thread 10" [_thread_blocked, id=74128, stack(0x00000066f9700000,0x00000066f9800000)]
  0x000001a793234380 JavaThread "Execution worker Thread 11" [_thread_blocked, id=74052, stack(0x00000066f9800000,0x00000066f9900000)]
  0x000001a793237620 JavaThread "Execution worker Thread 12" [_thread_blocked, id=71444, stack(0x00000066f9900000,0x00000066f9a00000)]
  0x000001a793238040 JavaThread "Execution worker Thread 13" [_thread_in_Java, id=70080, stack(0x00000066f9a00000,0x00000066f9b00000)]
  0x000001a7932366f0 JavaThread "Execution worker Thread 14" [_thread_blocked, id=62692, stack(0x00000066f9b00000,0x00000066f9c00000)]
  0x000001a793236c00 JavaThread "Execution worker Thread 15" [_thread_blocked, id=54180, stack(0x00000066f9c00000,0x00000066f9d00000)]
  0x000001a793238f70 JavaThread "Cache worker for execution history cache (D:\Android\projects\eCommerce\.gradle\8.7\executionHistory)" [_thread_blocked, id=4804, stack(0x00000066f9d00000,0x00000066f9e00000)]
  0x000001a793239480 JavaThread "Unconstrained build operations Thread 31" [_thread_blocked, id=62108, stack(0x00000066f9e00000,0x00000066f9f00000)]
  0x000001a7932352b0 JavaThread "Unconstrained build operations Thread 32" [_thread_blocked, id=53716, stack(0x00000066f9f00000,0x00000066fa000000)]
  0x000001a793232010 JavaThread "Unconstrained build operations Thread 33" [_thread_blocked, id=71484, stack(0x00000066fa000000,0x00000066fa100000)]
  0x000001a793239990 JavaThread "Unconstrained build operations Thread 34" [_thread_blocked, id=68896, stack(0x00000066fa100000,0x00000066fa200000)]
  0x000001a7932357c0 JavaThread "Unconstrained build operations Thread 35" [_thread_blocked, id=73456, stack(0x00000066fa200000,0x00000066fa300000)]
  0x000001a793232520 JavaThread "Unconstrained build operations Thread 36" [_thread_blocked, id=72616, stack(0x00000066fa300000,0x00000066fa400000)]
  0x000001a793232a30 JavaThread "Unconstrained build operations Thread 37" [_thread_blocked, id=66952, stack(0x00000066fa400000,0x00000066fa500000)]
  0x000001a799b0aa50 JavaThread "Unconstrained build operations Thread 38" [_thread_blocked, id=73708, stack(0x00000066fa500000,0x00000066fa600000)]
  0x000001a799b0d2d0 JavaThread "Unconstrained build operations Thread 39" [_thread_blocked, id=16240, stack(0x00000066fa600000,0x00000066fa700000)]
  0x000001a799b086e0 JavaThread "Unconstrained build operations Thread 40" [_thread_blocked, id=70712, stack(0x00000066fa700000,0x00000066fa800000)]
  0x000001a799b06880 JavaThread "Unconstrained build operations Thread 41" [_thread_blocked, id=70744, stack(0x00000066fa800000,0x00000066fa900000)]
  0x000001a799b09100 JavaThread "Unconstrained build operations Thread 42" [_thread_blocked, id=70748, stack(0x00000066fa900000,0x00000066faa00000)]
  0x000001a799b0af60 JavaThread "Unconstrained build operations Thread 43" [_thread_blocked, id=72036, stack(0x00000066faa00000,0x00000066fab00000)]
  0x000001a799b0c3a0 JavaThread "Unconstrained build operations Thread 44" [_thread_blocked, id=71572, stack(0x00000066fab00000,0x00000066fac00000)]
  0x000001a799b06370 JavaThread "Unconstrained build operations Thread 45" [_thread_blocked, id=71152, stack(0x00000066fac00000,0x00000066fad00000)]
  0x000001a799b081d0 JavaThread "Unconstrained build operations Thread 46" [_thread_blocked, id=70848, stack(0x00000066fad00000,0x00000066fae00000)]
  0x000001a799b072a0 JavaThread "Unconstrained build operations Thread 47" [_thread_blocked, id=43280, stack(0x00000066fae00000,0x00000066faf00000)]
  0x000001a799b08bf0 JavaThread "Unconstrained build operations Thread 48" [_thread_blocked, id=72524, stack(0x00000066faf00000,0x00000066fb000000)]
  0x000001a799b06d90 JavaThread "Unconstrained build operations Thread 49" [_thread_blocked, id=70036, stack(0x00000066fb000000,0x00000066fb100000)]
  0x000001a799b077b0 JavaThread "Unconstrained build operations Thread 50" [_thread_blocked, id=44184, stack(0x00000066fb100000,0x00000066fb200000)]
  0x000001a799b0b470 JavaThread "Unconstrained build operations Thread 51" [_thread_blocked, id=73444, stack(0x00000066fb200000,0x00000066fb300000)]
  0x000001a799b07cc0 JavaThread "Unconstrained build operations Thread 52" [_thread_blocked, id=73616, stack(0x00000066fb300000,0x00000066fb400000)]
  0x000001a799b09b20 JavaThread "Unconstrained build operations Thread 53" [_thread_blocked, id=68756, stack(0x00000066fb400000,0x00000066fb500000)]
  0x000001a799b09610 JavaThread "Unconstrained build operations Thread 54" [_thread_blocked, id=68216, stack(0x00000066fb500000,0x00000066fb600000)]
  0x000001a799b0cdc0 JavaThread "Unconstrained build operations Thread 55" [_thread_blocked, id=72596, stack(0x00000066fb600000,0x00000066fb700000)]
  0x000001a799b0a030 JavaThread "Unconstrained build operations Thread 56" [_thread_blocked, id=69512, stack(0x00000066fb700000,0x00000066fb800000)]
  0x000001a799b0a540 JavaThread "Unconstrained build operations Thread 57" [_thread_blocked, id=61956, stack(0x00000066fb800000,0x00000066fb900000)]
  0x000001a799b0be90 JavaThread "Unconstrained build operations Thread 58" [_thread_blocked, id=67248, stack(0x00000066fb900000,0x00000066fba00000)]
  0x000001a799b0b980 JavaThread "Unconstrained build operations Thread 59" [_thread_blocked, id=69868, stack(0x00000066fba00000,0x00000066fbb00000)]
  0x000001a799b0c8b0 JavaThread "Unconstrained build operations Thread 60" [_thread_blocked, id=13812, stack(0x00000066fbb00000,0x00000066fbc00000)]
  0x000001a799b0d7e0 JavaThread "Unconstrained build operations Thread 61" [_thread_blocked, id=72200, stack(0x00000066fbc00000,0x00000066fbd00000)]
  0x000001a799b34130 JavaThread "C1 CompilerThread1" daemon [_thread_blocked, id=41868, stack(0x00000066f4100000,0x00000066f4200000)]
  0x000001a7975a83c0 JavaThread "Unconstrained build operations Thread 62" [_thread_blocked, id=65468, stack(0x00000066f4000000,0x00000066f4100000)]
  0x000001a7975a6f80 JavaThread "Unconstrained build operations Thread 63" [_thread_blocked, id=42796, stack(0x00000066f4200000,0x00000066f4300000)]
  0x000001a7975a3ce0 JavaThread "Unconstrained build operations Thread 64" [_thread_blocked, id=10984, stack(0x00000066f4400000,0x00000066f4500000)]
  0x000001a7975a6a70 JavaThread "Unconstrained build operations Thread 65" [_thread_blocked, id=73556, stack(0x00000066f4700000,0x00000066f4800000)]
  0x000001a799b326a0 JavaThread "C2 CompilerThread1" daemon [_thread_in_native, id=73236, stack(0x00000066f8b00000,0x00000066f8c00000)]
=>0x000001a799b31160 JavaThread "C2 CompilerThread2" daemon [_thread_in_native, id=74476, stack(0x00000066fbe00000,0x00000066fbf00000)]
  0x000001a799b33140 JavaThread "C1 CompilerThread2" daemon [_thread_blocked, id=70580, stack(0x00000066fc000000,0x00000066fc100000)]
  0x000001a799b33690 JavaThread "C1 CompilerThread3" daemon [_thread_blocked, id=73816, stack(0x00000066fc100000,0x00000066fc200000)]
  0x000001a7975a79a0 JavaThread "WorkerExecutor Queue" [_thread_blocked, id=74748, stack(0x00000066fbf00000,0x00000066fc000000)]
  0x000001a7975a7eb0 JavaThread "Thread-104" [_thread_in_native, id=71832, stack(0x00000066fc200000,0x00000066fc300000)]

Other Threads:
  0x000001a74d7c2410 VMThread "VM Thread" [stack: 0x00000066f3600000,0x00000066f3700000] [id=73824]
  0x000001a72e80a4c0 WatcherThread [stack: 0x00000066f4600000,0x00000066f4700000] [id=72752]
  0x000001a72e866fd0 GCTaskThread "GC Thread#0" [stack: 0x00000066f3100000,0x00000066f3200000] [id=71432]
  0x000001a7941aa370 GCTaskThread "GC Thread#1" [stack: 0x00000066f4800000,0x00000066f4900000] [id=68984]
  0x000001a7940324e0 GCTaskThread "GC Thread#2" [stack: 0x00000066f4900000,0x00000066f4a00000] [id=71580]
  0x000001a79402bbf0 GCTaskThread "GC Thread#3" [stack: 0x00000066f4a00000,0x00000066f4b00000] [id=73500]
  0x000001a79402beb0 GCTaskThread "GC Thread#4" [stack: 0x00000066f4b00000,0x00000066f4c00000] [id=68720]
  0x000001a794a5f100 GCTaskThread "GC Thread#5" [stack: 0x00000066f5e00000,0x00000066f5f00000] [id=70260]
  0x000001a794a5e600 GCTaskThread "GC Thread#6" [stack: 0x00000066f5f00000,0x00000066f6000000] [id=67924]
  0x000001a794a5f940 GCTaskThread "GC Thread#7" [stack: 0x00000066f6000000,0x00000066f6100000] [id=70948]
  0x000001a794a5eb80 GCTaskThread "GC Thread#8" [stack: 0x00000066f6100000,0x00000066f6200000] [id=68660]
  0x000001a794a5fc00 GCTaskThread "GC Thread#9" [stack: 0x00000066f6200000,0x00000066f6300000] [id=45836]
  0x000001a794a5e080 GCTaskThread "GC Thread#10" [stack: 0x00000066f6300000,0x00000066f6400000] [id=73544]
  0x000001a794a5ee40 GCTaskThread "GC Thread#11" [stack: 0x00000066f6400000,0x00000066f6500000] [id=69468]
  0x000001a794a5e8c0 GCTaskThread "GC Thread#12" [stack: 0x00000066f6500000,0x00000066f6600000] [id=74256]
  0x000001a72e877f20 ConcurrentGCThread "G1 Main Marker" [stack: 0x00000066f3200000,0x00000066f3300000] [id=70268]
  0x000001a72e878940 ConcurrentGCThread "G1 Conc#0" [stack: 0x00000066f3300000,0x00000066f3400000] [id=67408]
  0x000001a794a5f3c0 ConcurrentGCThread "G1 Conc#1" [stack: 0x00000066f6600000,0x00000066f6700000] [id=46204]
  0x000001a794a5f680 ConcurrentGCThread "G1 Conc#2" [stack: 0x00000066f6700000,0x00000066f6800000] [id=73136]
  0x000001a74d51b710 ConcurrentGCThread "G1 Refine#0" [stack: 0x00000066f3400000,0x00000066f3500000] [id=72064]
  0x000001a74d51bee0 ConcurrentGCThread "G1 Service" [stack: 0x00000066f3500000,0x00000066f3600000] [id=56396]

Threads with active compile tasks:
C2 CompilerThread0    23448 15277       4       org.gradle.api.internal.artifacts.ModuleComponentSelectorSerializer::readVersionConstraint (91 bytes)
C2 CompilerThread1    23448 15276       4       org.gradle.api.internal.artifacts.ModuleComponentSelectorSerializer::read (50 bytes)
C2 CompilerThread2    23448 15120   !   4       java.io.ObjectOutputStream::writeObject0 (620 bytes)

VM state: not at safepoint (normal execution)

VM Mutex/Monitor currently owned by a thread: None

Heap address: 0x0000000080000000, size: 2048 MB, Compressed Oops mode: 32-bit

CDS archive(s) mapped at: [0x000001a74e000000-0x000001a74ebb0000-0x000001a74ebb0000), size 12255232, SharedBaseAddress: 0x000001a74e000000, ArchiveRelocationMode: 1.
Compressed class space mapped at: 0x000001a74f000000-0x000001a78f000000, reserved size: 1073741824
Narrow klass base: 0x000001a74e000000, Narrow klass shift: 0, Narrow klass range: 0x100000000

GC Precious Log:
 CPUs: 16 total, 16 available
 Memory: 15608M
 Large Page Support: Disabled
 NUMA Support: Disabled
 Compressed Oops: Enabled (32-bit)
 Heap Region Size: 1M
 Heap Min Capacity: 8M
 Heap Initial Capacity: 244M
 Heap Max Capacity: 2G
 Pre-touch: Disabled
 Parallel Workers: 13
 Concurrent Workers: 3
 Concurrent Refinement Workers: 13
 Periodic GC: Disabled

Heap:
 garbage-first heap   total 171008K, used 140339K [0x0000000080000000, 0x0000000100000000)
  region size 1024K, 29 young (29696K), 4 survivors (4096K)
 Metaspace       used 101285K, committed 102144K, reserved 1179648K
  class space    used 14108K, committed 14528K, reserved 1048576K

Heap Regions: E=young(eden), S=young(survivor), O=old, HS=humongous(starts), HC=humongous(continues), CS=collection set, F=free, OA=open archive, CA=closed archive, TAMS=top-at-mark-start (previous, next)
|   0|0x0000000080000000, 0x0000000080100000, 0x0000000080100000|100%|HS|  |TAMS 0x0000000080100000, 0x0000000080000000| Complete 
|   1|0x0000000080100000, 0x0000000080200000, 0x0000000080200000|100%|HC|  |TAMS 0x0000000080200000, 0x0000000080100000| Complete 
|   2|0x0000000080200000, 0x0000000080300000, 0x0000000080300000|100%|HC|  |TAMS 0x0000000080300000, 0x0000000080200000| Complete 
|   3|0x0000000080300000, 0x0000000080400000, 0x0000000080400000|100%|HC|  |TAMS 0x0000000080400000, 0x0000000080300000| Complete 
|   4|0x0000000080400000, 0x0000000080500000, 0x0000000080500000|100%| O|  |TAMS 0x0000000080500000, 0x0000000080400000| Untracked 
|   5|0x0000000080500000, 0x0000000080600000, 0x0000000080600000|100%| O|  |TAMS 0x0000000080600000, 0x0000000080500000| Untracked 
|   6|0x0000000080600000, 0x0000000080700000, 0x0000000080700000|100%| O|  |TAMS 0x0000000080700000, 0x0000000080600000| Untracked 
|   7|0x0000000080700000, 0x0000000080800000, 0x0000000080800000|100%| O|  |TAMS 0x0000000080800000, 0x0000000080700000| Untracked 
|   8|0x0000000080800000, 0x0000000080900000, 0x0000000080900000|100%| O|  |TAMS 0x0000000080900000, 0x0000000080800000| Untracked 
|   9|0x0000000080900000, 0x0000000080a00000, 0x0000000080a00000|100%| O|  |TAMS 0x0000000080a00000, 0x0000000080900000| Untracked 
|  10|0x0000000080a00000, 0x0000000080b00000, 0x0000000080b00000|100%| O|  |TAMS 0x0000000080b00000, 0x0000000080a00000| Untracked 
|  11|0x0000000080b00000, 0x0000000080c00000, 0x0000000080c00000|100%| O|  |TAMS 0x0000000080c00000, 0x0000000080b00000| Untracked 
|  12|0x0000000080c00000, 0x0000000080d00000, 0x0000000080d00000|100%| O|  |TAMS 0x0000000080d00000, 0x0000000080c00000| Untracked 
|  13|0x0000000080d00000, 0x0000000080e00000, 0x0000000080e00000|100%| O|  |TAMS 0x0000000080e00000, 0x0000000080d00000| Untracked 
|  14|0x0000000080e00000, 0x0000000080f00000, 0x0000000080f00000|100%| O|  |TAMS 0x0000000080f00000, 0x0000000080e00000| Untracked 
|  15|0x0000000080f00000, 0x0000000081000000, 0x0000000081000000|100%| O|  |TAMS 0x0000000081000000, 0x0000000080f00000| Untracked 
|  16|0x0000000081000000, 0x0000000081100000, 0x0000000081100000|100%| O|  |TAMS 0x0000000081100000, 0x0000000081000000| Untracked 
|  17|0x0000000081100000, 0x0000000081200000, 0x0000000081200000|100%| O|  |TAMS 0x0000000081200000, 0x0000000081100000| Untracked 
|  18|0x0000000081200000, 0x0000000081300000, 0x0000000081300000|100%| O|  |TAMS 0x0000000081300000, 0x0000000081200000| Untracked 
|  19|0x0000000081300000, 0x0000000081400000, 0x0000000081400000|100%| O|  |TAMS 0x0000000081400000, 0x0000000081300000| Untracked 
|  20|0x0000000081400000, 0x0000000081500000, 0x0000000081500000|100%| O|  |TAMS 0x0000000081500000, 0x0000000081400000| Untracked 
|  21|0x0000000081500000, 0x0000000081600000, 0x0000000081600000|100%| O|  |TAMS 0x0000000081600000, 0x0000000081500000| Untracked 
|  22|0x0000000081600000, 0x0000000081700000, 0x0000000081700000|100%| O|  |TAMS 0x0000000081700000, 0x0000000081600000| Untracked 
|  23|0x0000000081700000, 0x0000000081800000, 0x0000000081800000|100%| O|  |TAMS 0x0000000081800000, 0x0000000081700000| Untracked 
|  24|0x0000000081800000, 0x0000000081900000, 0x0000000081900000|100%| O|  |TAMS 0x0000000081900000, 0x0000000081800000| Untracked 
|  25|0x0000000081900000, 0x0000000081a00000, 0x0000000081a00000|100%| O|  |TAMS 0x0000000081a00000, 0x0000000081900000| Untracked 
|  26|0x0000000081a00000, 0x0000000081b00000, 0x0000000081b00000|100%| O|  |TAMS 0x0000000081b00000, 0x0000000081a00000| Untracked 
|  27|0x0000000081b00000, 0x0000000081c00000, 0x0000000081c00000|100%| O|  |TAMS 0x0000000081c00000, 0x0000000081b00000| Untracked 
|  28|0x0000000081c00000, 0x0000000081d00000, 0x0000000081d00000|100%| O|  |TAMS 0x0000000081d00000, 0x0000000081c00000| Untracked 
|  29|0x0000000081d00000, 0x0000000081e00000, 0x0000000081e00000|100%| O|  |TAMS 0x0000000081e00000, 0x0000000081d00000| Untracked 
|  30|0x0000000081e00000, 0x0000000081f00000, 0x0000000081f00000|100%| O|  |TAMS 0x0000000081f00000, 0x0000000081e00000| Untracked 
|  31|0x0000000081f00000, 0x0000000082000000, 0x0000000082000000|100%| O|  |TAMS 0x0000000082000000, 0x0000000081f00000| Untracked 
|  32|0x0000000082000000, 0x0000000082100000, 0x0000000082100000|100%| O|  |TAMS 0x0000000082100000, 0x0000000082000000| Untracked 
|  33|0x0000000082100000, 0x0000000082200000, 0x0000000082200000|100%| O|  |TAMS 0x0000000082200000, 0x0000000082100000| Untracked 
|  34|0x0000000082200000, 0x0000000082300000, 0x0000000082300000|100%|HS|  |TAMS 0x0000000082300000, 0x0000000082200000| Complete 
|  35|0x0000000082300000, 0x0000000082400000, 0x0000000082400000|100%|HS|  |TAMS 0x0000000082400000, 0x0000000082300000| Complete 
|  36|0x0000000082400000, 0x0000000082500000, 0x0000000082500000|100%|HS|  |TAMS 0x0000000082500000, 0x0000000082400000| Complete 
|  37|0x0000000082500000, 0x0000000082600000, 0x0000000082600000|100%|HC|  |TAMS 0x0000000082600000, 0x0000000082500000| Complete 
|  38|0x0000000082600000, 0x0000000082700000, 0x0000000082700000|100%| O|  |TAMS 0x0000000082700000, 0x0000000082600000| Untracked 
|  39|0x0000000082700000, 0x0000000082800000, 0x0000000082800000|100%| O|  |TAMS 0x0000000082800000, 0x0000000082700000| Untracked 
|  40|0x0000000082800000, 0x0000000082900000, 0x0000000082900000|100%| O|  |TAMS 0x0000000082900000, 0x0000000082800000| Untracked 
|  41|0x0000000082900000, 0x0000000082a00000, 0x0000000082a00000|100%| O|  |TAMS 0x0000000082900000, 0x0000000082900000| Untracked 
|  42|0x0000000082a00000, 0x0000000082b00000, 0x0000000082b00000|100%|HS|  |TAMS 0x0000000082b00000, 0x0000000082a00000| Complete 
|  43|0x0000000082b00000, 0x0000000082c00000, 0x0000000082c00000|100%|HC|  |TAMS 0x0000000082c00000, 0x0000000082b00000| Complete 
|  44|0x0000000082c00000, 0x0000000082d00000, 0x0000000082d00000|100%| O|  |TAMS 0x0000000082d00000, 0x0000000082c00000| Untracked 
|  45|0x0000000082d00000, 0x0000000082e00000, 0x0000000082e00000|100%| O|  |TAMS 0x0000000082e00000, 0x0000000082d00000| Untracked 
|  46|0x0000000082e00000, 0x0000000082f00000, 0x0000000082f00000|100%| O|  |TAMS 0x0000000082f00000, 0x0000000082e00000| Untracked 
|  47|0x0000000082f00000, 0x0000000083000000, 0x0000000083000000|100%| O|  |TAMS 0x0000000083000000, 0x0000000082f00000| Untracked 
|  48|0x0000000083000000, 0x0000000083100000, 0x0000000083100000|100%|HS|  |TAMS 0x0000000083100000, 0x0000000083000000| Complete 
|  49|0x0000000083100000, 0x0000000083200000, 0x0000000083200000|100%|HS|  |TAMS 0x0000000083200000, 0x0000000083100000| Complete 
|  50|0x0000000083200000, 0x0000000083300000, 0x0000000083300000|100%|HC|  |TAMS 0x0000000083300000, 0x0000000083200000| Complete 
|  51|0x0000000083300000, 0x0000000083400000, 0x0000000083400000|100%|HC|  |TAMS 0x0000000083400000, 0x0000000083300000| Complete 
|  52|0x0000000083400000, 0x0000000083500000, 0x0000000083500000|100%|HC|  |TAMS 0x0000000083500000, 0x0000000083400000| Complete 
|  53|0x0000000083500000, 0x0000000083600000, 0x0000000083600000|100%|HS|  |TAMS 0x0000000083600000, 0x0000000083500000| Complete 
|  54|0x0000000083600000, 0x0000000083700000, 0x0000000083700000|100%|HS|  |TAMS 0x0000000083700000, 0x0000000083600000| Complete 
|  55|0x0000000083700000, 0x0000000083800000, 0x0000000083800000|100%| O|  |TAMS 0x0000000083800000, 0x0000000083700000| Untracked 
|  56|0x0000000083800000, 0x0000000083900000, 0x0000000083900000|100%| O|  |TAMS 0x0000000083900000, 0x0000000083800000| Untracked 
|  57|0x0000000083900000, 0x0000000083a00000, 0x0000000083a00000|100%| O|  |TAMS 0x0000000083a00000, 0x0000000083900000| Untracked 
|  58|0x0000000083a00000, 0x0000000083b00000, 0x0000000083b00000|100%| O|  |TAMS 0x0000000083b00000, 0x0000000083a00000| Untracked 
|  59|0x0000000083b00000, 0x0000000083c00000, 0x0000000083c00000|100%|HS|  |TAMS 0x0000000083c00000, 0x0000000083b00000| Complete 
|  60|0x0000000083c00000, 0x0000000083d00000, 0x0000000083d00000|100%|HS|  |TAMS 0x0000000083d00000, 0x0000000083c00000| Complete 
|  61|0x0000000083d00000, 0x0000000083e00000, 0x0000000083e00000|100%|HC|  |TAMS 0x0000000083e00000, 0x0000000083d00000| Complete 
|  62|0x0000000083e00000, 0x0000000083f00000, 0x0000000083f00000|100%|HC|  |TAMS 0x0000000083f00000, 0x0000000083e00000| Complete 
|  63|0x0000000083f00000, 0x0000000084000000, 0x0000000084000000|100%|HC|  |TAMS 0x0000000084000000, 0x0000000083f00000| Complete 
|  64|0x0000000084000000, 0x0000000084100000, 0x0000000084100000|100%|HS|  |TAMS 0x0000000084100000, 0x0000000084000000| Complete 
|  65|0x0000000084100000, 0x0000000084200000, 0x0000000084200000|100%| O|  |TAMS 0x0000000084200000, 0x0000000084100000| Untracked 
|  66|0x0000000084200000, 0x0000000084300000, 0x0000000084300000|100%| O|  |TAMS 0x0000000084300000, 0x0000000084200000| Untracked 
|  67|0x0000000084300000, 0x0000000084400000, 0x0000000084400000|100%| O|  |TAMS 0x0000000084400000, 0x0000000084300000| Untracked 
|  68|0x0000000084400000, 0x0000000084500000, 0x0000000084500000|100%| O|  |TAMS 0x0000000084500000, 0x0000000084400000| Untracked 
|  69|0x0000000084500000, 0x0000000084600000, 0x0000000084600000|100%| O|  |TAMS 0x0000000084600000, 0x0000000084500000| Untracked 
|  70|0x0000000084600000, 0x0000000084700000, 0x0000000084700000|100%| O|  |TAMS 0x0000000084700000, 0x0000000084600000| Untracked 
|  71|0x0000000084700000, 0x0000000084800000, 0x0000000084800000|100%| O|  |TAMS 0x0000000084800000, 0x0000000084700000| Untracked 
|  72|0x0000000084800000, 0x0000000084900000, 0x0000000084900000|100%| O|  |TAMS 0x0000000084900000, 0x0000000084800000| Untracked 
|  73|0x0000000084900000, 0x0000000084a00000, 0x0000000084a00000|100%| O|  |TAMS 0x0000000084a00000, 0x0000000084900000| Untracked 
|  74|0x0000000084a00000, 0x0000000084b00000, 0x0000000084b00000|100%| O|  |TAMS 0x0000000084b00000, 0x0000000084a00000| Untracked 
|  75|0x0000000084b00000, 0x0000000084c00000, 0x0000000084c00000|100%| O|  |TAMS 0x0000000084c00000, 0x0000000084b00000| Untracked 
|  76|0x0000000084c00000, 0x0000000084d00000, 0x0000000084d00000|100%| O|  |TAMS 0x0000000084d00000, 0x0000000084c00000| Untracked 
|  77|0x0000000084d00000, 0x0000000084e00000, 0x0000000084e00000|100%| O|  |TAMS 0x0000000084e00000, 0x0000000084d00000| Untracked 
|  78|0x0000000084e00000, 0x0000000084f00000, 0x0000000084f00000|100%| O|  |TAMS 0x0000000084f00000, 0x0000000084e00000| Untracked 
|  79|0x0000000084f00000, 0x0000000085000000, 0x0000000085000000|100%| O|  |TAMS 0x0000000085000000, 0x0000000084f00000| Untracked 
|  80|0x0000000085000000, 0x0000000085100000, 0x0000000085100000|100%| O|  |TAMS 0x0000000085100000, 0x0000000085000000| Untracked 
|  81|0x0000000085100000, 0x0000000085200000, 0x0000000085200000|100%| O|  |TAMS 0x0000000085200000, 0x0000000085100000| Untracked 
|  82|0x0000000085200000, 0x0000000085300000, 0x0000000085300000|100%| O|  |TAMS 0x0000000085200000, 0x0000000085200000| Untracked 
|  83|0x0000000085300000, 0x0000000085400000, 0x0000000085400000|100%| O|  |TAMS 0x0000000085400000, 0x0000000085300000| Untracked 
|  84|0x0000000085400000, 0x0000000085500000, 0x0000000085500000|100%| O|  |TAMS 0x0000000085500000, 0x0000000085400000| Untracked 
|  85|0x0000000085500000, 0x0000000085600000, 0x0000000085600000|100%| O|  |TAMS 0x0000000085600000, 0x0000000085500000| Untracked 
|  86|0x0000000085600000, 0x0000000085700000, 0x0000000085700000|100%| O|  |TAMS 0x0000000085700000, 0x0000000085600000| Untracked 
|  87|0x0000000085700000, 0x0000000085800000, 0x0000000085800000|100%| O|  |TAMS 0x0000000085800000, 0x0000000085700000| Untracked 
|  88|0x0000000085800000, 0x0000000085900000, 0x0000000085900000|100%| O|  |TAMS 0x0000000085900000, 0x0000000085800000| Untracked 
|  89|0x0000000085900000, 0x0000000085a00000, 0x0000000085a00000|100%| O|  |TAMS 0x0000000085a00000, 0x0000000085900000| Untracked 
|  90|0x0000000085a00000, 0x0000000085b00000, 0x0000000085b00000|100%| O|  |TAMS 0x0000000085b00000, 0x0000000085a00000| Untracked 
|  91|0x0000000085b00000, 0x0000000085c00000, 0x0000000085c00000|100%| O|  |TAMS 0x0000000085c00000, 0x0000000085b00000| Untracked 
|  92|0x0000000085c00000, 0x0000000085d00000, 0x0000000085d00000|100%| O|  |TAMS 0x0000000085cc0200, 0x0000000085c00000| Untracked 
|  93|0x0000000085d00000, 0x0000000085e00000, 0x0000000085e00000|100%| O|  |TAMS 0x0000000085d00000, 0x0000000085d00000| Untracked 
|  94|0x0000000085e00000, 0x0000000085f00000, 0x0000000085f00000|100%| O|  |TAMS 0x0000000085e00000, 0x0000000085e00000| Untracked 
|  95|0x0000000085f00000, 0x0000000086000000, 0x0000000086000000|100%| O|  |TAMS 0x0000000085f00000, 0x0000000085f00000| Untracked 
|  96|0x0000000086000000, 0x0000000086100000, 0x0000000086100000|100%| O|  |TAMS 0x0000000086000000, 0x0000000086000000| Untracked 
|  97|0x0000000086100000, 0x0000000086200000, 0x0000000086200000|100%| O|  |TAMS 0x0000000086100000, 0x0000000086100000| Untracked 
|  98|0x0000000086200000, 0x0000000086300000, 0x0000000086300000|100%| O|  |TAMS 0x0000000086200000, 0x0000000086200000| Untracked 
|  99|0x0000000086300000, 0x0000000086400000, 0x0000000086400000|100%| O|  |TAMS 0x0000000086300000, 0x0000000086300000| Untracked 
| 100|0x0000000086400000, 0x0000000086500000, 0x0000000086500000|100%| O|  |TAMS 0x0000000086400000, 0x0000000086400000| Untracked 
| 101|0x0000000086500000, 0x0000000086600000, 0x0000000086600000|100%| O|  |TAMS 0x0000000086500000, 0x0000000086500000| Untracked 
| 102|0x0000000086600000, 0x0000000086700000, 0x0000000086700000|100%| O|  |TAMS 0x0000000086600000, 0x0000000086600000| Untracked 
| 103|0x0000000086700000, 0x0000000086800000, 0x0000000086800000|100%| O|  |TAMS 0x0000000086700000, 0x0000000086700000| Untracked 
| 104|0x0000000086800000, 0x0000000086900000, 0x0000000086900000|100%| O|  |TAMS 0x0000000086800000, 0x0000000086800000| Untracked 
| 105|0x0000000086900000, 0x0000000086a00000, 0x0000000086a00000|100%| O|  |TAMS 0x0000000086900000, 0x0000000086900000| Untracked 
| 106|0x0000000086a00000, 0x0000000086b00000, 0x0000000086b00000|100%| O|  |TAMS 0x0000000086a00000, 0x0000000086a00000| Untracked 
| 107|0x0000000086b00000, 0x0000000086c00000, 0x0000000086c00000|100%| O|  |TAMS 0x0000000086b00000, 0x0000000086b00000| Untracked 
| 108|0x0000000086c00000, 0x0000000086d00000, 0x0000000086d00000|100%| O|  |TAMS 0x0000000086c00000, 0x0000000086c00000| Untracked 
| 109|0x0000000086d00000, 0x0000000086e00000, 0x0000000086e00000|100%| O|  |TAMS 0x0000000086d00000, 0x0000000086d00000| Untracked 
| 110|0x0000000086e00000, 0x0000000086eb2000, 0x0000000086f00000| 69%| O|  |TAMS 0x0000000086e00000, 0x0000000086e00000| Untracked 
| 111|0x0000000086f00000, 0x0000000086f00000, 0x0000000087000000|  0%| F|  |TAMS 0x0000000086f00000, 0x0000000086f00000| Untracked 
| 112|0x0000000087000000, 0x0000000087000000, 0x0000000087100000|  0%| F|  |TAMS 0x0000000087000000, 0x0000000087000000| Untracked 
| 113|0x0000000087100000, 0x0000000087100000, 0x0000000087200000|  0%| F|  |TAMS 0x0000000087100000, 0x0000000087100000| Untracked 
| 114|0x0000000087200000, 0x0000000087200000, 0x0000000087300000|  0%| F|  |TAMS 0x0000000087200000, 0x0000000087200000| Untracked 
| 115|0x0000000087300000, 0x0000000087300000, 0x0000000087400000|  0%| F|  |TAMS 0x0000000087300000, 0x0000000087300000| Untracked 
| 116|0x0000000087400000, 0x0000000087400000, 0x0000000087500000|  0%| F|  |TAMS 0x0000000087400000, 0x0000000087400000| Untracked 
| 117|0x0000000087500000, 0x0000000087500000, 0x0000000087600000|  0%| F|  |TAMS 0x0000000087500000, 0x0000000087500000| Untracked 
| 118|0x0000000087600000, 0x0000000087600000, 0x0000000087700000|  0%| F|  |TAMS 0x0000000087600000, 0x0000000087600000| Untracked 
| 119|0x0000000087700000, 0x0000000087700000, 0x0000000087800000|  0%| F|  |TAMS 0x0000000087700000, 0x0000000087700000| Untracked 
| 120|0x0000000087800000, 0x0000000087800000, 0x0000000087900000|  0%| F|  |TAMS 0x0000000087800000, 0x0000000087800000| Untracked 
| 121|0x0000000087900000, 0x0000000087900000, 0x0000000087a00000|  0%| F|  |TAMS 0x0000000087900000, 0x0000000087900000| Untracked 
| 122|0x0000000087a00000, 0x0000000087a00000, 0x0000000087b00000|  0%| F|  |TAMS 0x0000000087a00000, 0x0000000087a00000| Untracked 
| 123|0x0000000087b00000, 0x0000000087b00000, 0x0000000087c00000|  0%| F|  |TAMS 0x0000000087b00000, 0x0000000087b00000| Untracked 
| 124|0x0000000087c00000, 0x0000000087c00000, 0x0000000087d00000|  0%| F|  |TAMS 0x0000000087c00000, 0x0000000087c00000| Untracked 
| 125|0x0000000087d00000, 0x0000000087d00000, 0x0000000087e00000|  0%| F|  |TAMS 0x0000000087d00000, 0x0000000087d00000| Untracked 
| 126|0x0000000087e00000, 0x0000000087e00000, 0x0000000087f00000|  0%| F|  |TAMS 0x0000000087e00000, 0x0000000087e00000| Untracked 
| 127|0x0000000087f00000, 0x0000000087f00000, 0x0000000088000000|  0%| F|  |TAMS 0x0000000087f00000, 0x0000000087f00000| Untracked 
| 128|0x0000000088000000, 0x0000000088000000, 0x0000000088100000|  0%| F|  |TAMS 0x0000000088000000, 0x0000000088000000| Untracked 
| 129|0x0000000088100000, 0x0000000088100000, 0x0000000088200000|  0%| F|  |TAMS 0x0000000088100000, 0x0000000088100000| Untracked 
| 130|0x0000000088200000, 0x0000000088200000, 0x0000000088300000|  0%| F|  |TAMS 0x0000000088200000, 0x0000000088200000| Untracked 
| 131|0x0000000088300000, 0x0000000088300000, 0x0000000088400000|  0%| F|  |TAMS 0x0000000088300000, 0x0000000088300000| Untracked 
| 132|0x0000000088400000, 0x0000000088400000, 0x0000000088500000|  0%| F|  |TAMS 0x0000000088400000, 0x0000000088400000| Untracked 
| 133|0x0000000088500000, 0x0000000088500000, 0x0000000088600000|  0%| F|  |TAMS 0x0000000088500000, 0x0000000088500000| Untracked 
| 134|0x0000000088600000, 0x000000008865ae40, 0x0000000088700000| 35%| S|CS|TAMS 0x0000000088600000, 0x0000000088600000| Complete 
| 135|0x0000000088700000, 0x0000000088800000, 0x0000000088800000|100%| S|CS|TAMS 0x0000000088700000, 0x0000000088700000| Complete 
| 136|0x0000000088800000, 0x0000000088900000, 0x0000000088900000|100%| S|CS|TAMS 0x0000000088800000, 0x0000000088800000| Complete 
| 137|0x0000000088900000, 0x0000000088a00000, 0x0000000088a00000|100%| S|CS|TAMS 0x0000000088900000, 0x0000000088900000| Complete 
| 138|0x0000000088a00000, 0x0000000088a00000, 0x0000000088b00000|  0%| F|  |TAMS 0x0000000088a00000, 0x0000000088a00000| Untracked 
| 139|0x0000000088b00000, 0x0000000088b00000, 0x0000000088c00000|  0%| F|  |TAMS 0x0000000088b00000, 0x0000000088b00000| Untracked 
| 140|0x0000000088c00000, 0x0000000088c00000, 0x0000000088d00000|  0%| F|  |TAMS 0x0000000088c00000, 0x0000000088c00000| Untracked 
| 141|0x0000000088d00000, 0x0000000088d00000, 0x0000000088e00000|  0%| F|  |TAMS 0x0000000088d00000, 0x0000000088d00000| Untracked 
| 142|0x0000000088e00000, 0x0000000088e66ce8, 0x0000000088f00000| 40%| E|  |TAMS 0x0000000088e00000, 0x0000000088e00000| Complete 
| 143|0x0000000088f00000, 0x0000000089000000, 0x0000000089000000|100%| E|CS|TAMS 0x0000000088f00000, 0x0000000088f00000| Complete 
| 144|0x0000000089000000, 0x0000000089100000, 0x0000000089100000|100%| E|CS|TAMS 0x0000000089000000, 0x0000000089000000| Complete 
| 145|0x0000000089100000, 0x0000000089200000, 0x0000000089200000|100%| E|CS|TAMS 0x0000000089100000, 0x0000000089100000| Complete 
| 146|0x0000000089200000, 0x0000000089300000, 0x0000000089300000|100%| E|CS|TAMS 0x0000000089200000, 0x0000000089200000| Complete 
| 147|0x0000000089300000, 0x0000000089400000, 0x0000000089400000|100%| E|CS|TAMS 0x0000000089300000, 0x0000000089300000| Complete 
| 148|0x0000000089400000, 0x0000000089500000, 0x0000000089500000|100%| E|CS|TAMS 0x0000000089400000, 0x0000000089400000| Complete 
| 149|0x0000000089500000, 0x0000000089600000, 0x0000000089600000|100%| E|CS|TAMS 0x0000000089500000, 0x0000000089500000| Complete 
| 150|0x0000000089600000, 0x0000000089700000, 0x0000000089700000|100%| E|CS|TAMS 0x0000000089600000, 0x0000000089600000| Complete 
| 151|0x0000000089700000, 0x0000000089800000, 0x0000000089800000|100%| E|  |TAMS 0x0000000089700000, 0x0000000089700000| Complete 
| 152|0x0000000089800000, 0x0000000089900000, 0x0000000089900000|100%| E|CS|TAMS 0x0000000089800000, 0x0000000089800000| Complete 
| 153|0x0000000089900000, 0x0000000089a00000, 0x0000000089a00000|100%| E|CS|TAMS 0x0000000089900000, 0x0000000089900000| Complete 
| 154|0x0000000089a00000, 0x0000000089b00000, 0x0000000089b00000|100%| E|CS|TAMS 0x0000000089a00000, 0x0000000089a00000| Complete 
| 155|0x0000000089b00000, 0x0000000089c00000, 0x0000000089c00000|100%| E|CS|TAMS 0x0000000089b00000, 0x0000000089b00000| Complete 
| 156|0x0000000089c00000, 0x0000000089d00000, 0x0000000089d00000|100%| E|CS|TAMS 0x0000000089c00000, 0x0000000089c00000| Complete 
| 157|0x0000000089d00000, 0x0000000089e00000, 0x0000000089e00000|100%| E|CS|TAMS 0x0000000089d00000, 0x0000000089d00000| Complete 
| 158|0x0000000089e00000, 0x0000000089f00000, 0x0000000089f00000|100%| E|CS|TAMS 0x0000000089e00000, 0x0000000089e00000| Complete 
| 159|0x0000000089f00000, 0x000000008a000000, 0x000000008a000000|100%| E|CS|TAMS 0x0000000089f00000, 0x0000000089f00000| Complete 
| 160|0x000000008a000000, 0x000000008a100000, 0x000000008a100000|100%| E|CS|TAMS 0x000000008a000000, 0x000000008a000000| Complete 
| 161|0x000000008a100000, 0x000000008a200000, 0x000000008a200000|100%| E|CS|TAMS 0x000000008a100000, 0x000000008a100000| Complete 
| 162|0x000000008a200000, 0x000000008a300000, 0x000000008a300000|100%| E|CS|TAMS 0x000000008a200000, 0x000000008a200000| Complete 
| 163|0x000000008a300000, 0x000000008a400000, 0x000000008a400000|100%| E|CS|TAMS 0x000000008a300000, 0x000000008a300000| Complete 
| 164|0x000000008a400000, 0x000000008a500000, 0x000000008a500000|100%| E|CS|TAMS 0x000000008a400000, 0x000000008a400000| Complete 
| 165|0x000000008a500000, 0x000000008a600000, 0x000000008a600000|100%| E|CS|TAMS 0x000000008a500000, 0x000000008a500000| Complete 
| 243|0x000000008f300000, 0x000000008f400000, 0x000000008f400000|100%| E|CS|TAMS 0x000000008f300000, 0x000000008f300000| Complete 

Card table byte_map: [0x000001a745fb0000,0x000001a7463b0000] _byte_map_base: 0x000001a745bb0000

Marking Bits (Prev, Next): (CMBitMap*) 0x000001a72e867630, (CMBitMap*) 0x000001a72e8675f0
 Prev Bits: [0x000001a7487b0000, 0x000001a74a7b0000)
 Next Bits: [0x000001a7467b0000, 0x000001a7487b0000)

Polling page: 0x000001a72c6e0000

Metaspace:

Usage:
  Non-class:     85.14 MB used.
      Class:     13.78 MB used.
       Both:     98.91 MB used.

Virtual space:
  Non-class space:      128.00 MB reserved,      85.56 MB ( 67%) committed,  2 nodes.
      Class space:        1.00 GB reserved,      14.19 MB (  1%) committed,  1 nodes.
             Both:        1.12 GB reserved,      99.75 MB (  9%) committed. 

Chunk freelists:
   Non-Class:  10.08 MB
       Class:  1.65 MB
        Both:  11.73 MB

MaxMetaspaceSize: unlimited
CompressedClassSpaceSize: 1.00 GB
Initial GC threshold: 21.00 MB
Current GC threshold: 134.62 MB
CDS: on
MetaspaceReclaimPolicy: balanced
 - commit_granule_bytes: 65536.
 - commit_granule_words: 8192.
 - virtual_space_node_default_size: 8388608.
 - enlarge_chunks_in_place: 1.
 - new_chunks_are_fully_committed: 0.
 - uncommit_free_chunks: 1.
 - use_allocation_guard: 0.
 - handle_deallocations: 1.


Internal statistics:

num_allocs_failed_limit: 6.
num_arena_births: 1296.
num_arena_deaths: 0.
num_vsnodes_births: 3.
num_vsnodes_deaths: 0.
num_space_committed: 1596.
num_space_uncommitted: 0.
num_chunks_returned_to_freelist: 6.
num_chunks_taken_from_freelist: 5613.
num_chunk_merges: 6.
num_chunk_splits: 3584.
num_chunks_enlarged: 2275.
num_inconsistent_stats: 0.

CodeHeap 'non-profiled nmethods': size=119168Kb used=6938Kb max_used=7711Kb free=112230Kb
 bounds [0x000001a73dec0000, 0x000001a73e650000, 0x000001a745320000]
CodeHeap 'profiled nmethods': size=119104Kb used=26487Kb max_used=27993Kb free=92616Kb
 bounds [0x000001a736320000, 0x000001a737e80000, 0x000001a73d770000]
CodeHeap 'non-nmethods': size=7488Kb used=3464Kb max_used=3520Kb free=4023Kb
 bounds [0x000001a73d770000, 0x000001a73daf0000, 0x000001a73dec0000]
 total_blobs=13919 nmethods=13040 adapters=785
 compilation: enabled
              stopped_count=0, restarted_count=0
 full_count=0

Compilation events (20 events):
Event: 23.383 Thread 0x000001a799b33140 15288       3       org.gradle.internal.component.model.MultipleCandidateMatcher::getCandidateAttributeSets (56 bytes)
Event: 23.383 Thread 0x000001a799b34130 15289       3       org.gradle.internal.component.model.MultipleCandidateMatcher::findCompatibleCandidates (40 bytes)
Event: 23.384 Thread 0x000001a799b33140 nmethod 15288 0x000001a7366a7610 code [0x000001a7366a7820, 0x000001a7366a8228]
Event: 23.384 Thread 0x000001a799b34130 nmethod 15289 0x000001a7364e0b10 code [0x000001a7364e0ce0, 0x000001a7364e10e8]
Event: 23.384 Thread 0x000001a799b34130 15290       3       java.util.BitSet::initWords (15 bytes)
Event: 23.384 Thread 0x000001a799b34130 nmethod 15290 0x000001a736364810 code [0x000001a7363649c0, 0x000001a736364c38]
Event: 23.390 Thread 0x000001a799b33140 15291       3       org.gradle.api.internal.artifacts.ivyservice.resolveengine.graph.builder.ResolveState::onFewerSelected (18 bytes)
Event: 23.391 Thread 0x000001a799b33140 nmethod 15291 0x000001a736aed610 code [0x000001a736aed7c0, 0x000001a736aedb08]
Event: 23.393 Thread 0x000001a799b33140 15292       3       org.gradle.api.internal.artifacts.ivyservice.resolveengine.graph.builder.NodeState::collectEdgeConstraint (39 bytes)
Event: 23.393 Thread 0x000001a799b34130 15293       3       org.gradle.api.internal.artifacts.ivyservice.resolveengine.graph.selectors.SelectorStateResolver::buildResolveResults (90 bytes)
Event: 23.393 Thread 0x000001a799b33140 nmethod 15292 0x000001a736644010 code [0x000001a736644240, 0x000001a736644958]
Event: 23.393 Thread 0x000001a799b33140 15294       3       org.gradle.api.internal.artifacts.ivyservice.resolveengine.graph.builder.NodeState::collectAncestorsStrictVersionsSingleEdge (57 bytes)
Event: 23.394 Thread 0x000001a799b33140 nmethod 15294 0x000001a736569a10 code [0x000001a736569c20, 0x000001a73656a2f8]
Event: 23.394 Thread 0x000001a799b34130 nmethod 15293 0x000001a7366e8010 code [0x000001a7366e82a0, 0x000001a7366e8e98]
Event: 23.400 Thread 0x000001a799b326a0 nmethod 15278 0x000001a73dfbd410 code [0x000001a73dfbd660, 0x000001a73dfbf050]
Event: 23.400 Thread 0x000001a799b326a0 15276       4       org.gradle.api.internal.artifacts.ModuleComponentSelectorSerializer::read (50 bytes)
Event: 23.410 Thread 0x000001a74d7da1b0 nmethod 15284 0x000001a73e180590 code [0x000001a73e180880, 0x000001a73e182450]
Event: 23.410 Thread 0x000001a74d7da1b0 15296       4       java.util.Spliterators$ArraySpliterator::forEachRemaining (68 bytes)
Event: 23.413 Thread 0x000001a74d7da1b0 nmethod 15296 0x000001a73df29d90 code [0x000001a73df29f20, 0x000001a73df2a118]
Event: 23.413 Thread 0x000001a74d7da1b0 15277       4       org.gradle.api.internal.artifacts.ModuleComponentSelectorSerializer::readVersionConstraint (91 bytes)

GC Heap History (20 events):
Event: 15.211 GC heap before
{Heap before GC invocations=34 (full 0):
 garbage-first heap   total 168960K, used 138029K [0x0000000080000000, 0x0000000100000000)
  region size 1024K, 51 young (52224K), 3 survivors (3072K)
 Metaspace       used 78810K, committed 79552K, reserved 1179648K
  class space    used 11015K, committed 11392K, reserved 1048576K
}
Event: 15.216 GC heap after
{Heap after GC invocations=35 (full 0):
 garbage-first heap   total 168960K, used 94384K [0x0000000080000000, 0x0000000100000000)
  region size 1024K, 7 young (7168K), 7 survivors (7168K)
 Metaspace       used 78810K, committed 79552K, reserved 1179648K
  class space    used 11015K, committed 11392K, reserved 1048576K
}
Event: 15.232 GC heap before
{Heap before GC invocations=35 (full 0):
 garbage-first heap   total 168960K, used 95408K [0x0000000080000000, 0x0000000100000000)
  region size 1024K, 8 young (8192K), 7 survivors (7168K)
 Metaspace       used 78853K, committed 79616K, reserved 1179648K
  class space    used 11021K, committed 11392K, reserved 1048576K
}
Event: 15.238 GC heap after
{Heap after GC invocations=36 (full 0):
 garbage-first heap   total 168960K, used 94976K [0x0000000080000000, 0x0000000100000000)
  region size 1024K, 1 young (1024K), 1 survivors (1024K)
 Metaspace       used 78853K, committed 79616K, reserved 1179648K
  class space    used 11021K, committed 11392K, reserved 1048576K
}
Event: 15.964 GC heap before
{Heap before GC invocations=36 (full 0):
 garbage-first heap   total 168960K, used 139008K [0x0000000080000000, 0x0000000100000000)
  region size 1024K, 44 young (45056K), 1 survivors (1024K)
 Metaspace       used 81796K, committed 82560K, reserved 1179648K
  class space    used 11498K, committed 11904K, reserved 1048576K
}
Event: 15.969 GC heap after
{Heap after GC invocations=37 (full 0):
 garbage-first heap   total 168960K, used 97266K [0x0000000080000000, 0x0000000100000000)
  region size 1024K, 4 young (4096K), 4 survivors (4096K)
 Metaspace       used 81796K, committed 82560K, reserved 1179648K
  class space    used 11498K, committed 11904K, reserved 1048576K
}
Event: 16.629 GC heap before
{Heap before GC invocations=38 (full 0):
 garbage-first heap   total 171008K, used 139250K [0x0000000080000000, 0x0000000100000000)
  region size 1024K, 45 young (46080K), 4 survivors (4096K)
 Metaspace       used 84916K, committed 85696K, reserved 1179648K
  class space    used 11982K, committed 12352K, reserved 1048576K
}
Event: 16.633 GC heap after
{Heap after GC invocations=39 (full 0):
 garbage-first heap   total 171008K, used 99141K [0x0000000080000000, 0x0000000100000000)
  region size 1024K, 5 young (5120K), 5 survivors (5120K)
 Metaspace       used 84916K, committed 85696K, reserved 1179648K
  class space    used 11982K, committed 12352K, reserved 1048576K
}
Event: 16.727 GC heap before
{Heap before GC invocations=39 (full 0):
 garbage-first heap   total 171008K, used 101189K [0x0000000080000000, 0x0000000100000000)
  region size 1024K, 8 young (8192K), 5 survivors (5120K)
 Metaspace       used 85997K, committed 86784K, reserved 1179648K
  class space    used 12096K, committed 12480K, reserved 1048576K
}
Event: 16.731 GC heap after
{Heap after GC invocations=40 (full 0):
 garbage-first heap   total 171008K, used 99472K [0x0000000080000000, 0x0000000100000000)
  region size 1024K, 1 young (1024K), 1 survivors (1024K)
 Metaspace       used 85997K, committed 86784K, reserved 1179648K
  class space    used 12096K, committed 12480K, reserved 1048576K
}
Event: 17.315 GC heap before
{Heap before GC invocations=40 (full 0):
 garbage-first heap   total 171008K, used 142480K [0x0000000080000000, 0x0000000100000000)
  region size 1024K, 43 young (44032K), 1 survivors (1024K)
 Metaspace       used 88615K, committed 89472K, reserved 1179648K
  class space    used 12433K, committed 12864K, reserved 1048576K
}
Event: 17.318 GC heap after
{Heap after GC invocations=41 (full 0):
 garbage-first heap   total 171008K, used 102335K [0x0000000080000000, 0x0000000100000000)
  region size 1024K, 4 young (4096K), 4 survivors (4096K)
 Metaspace       used 88615K, committed 89472K, reserved 1179648K
  class space    used 12433K, committed 12864K, reserved 1048576K
}
Event: 17.893 GC heap before
{Heap before GC invocations=41 (full 0):
 garbage-first heap   total 171008K, used 142271K [0x0000000080000000, 0x0000000100000000)
  region size 1024K, 43 young (44032K), 4 survivors (4096K)
 Metaspace       used 90444K, committed 91264K, reserved 1179648K
  class space    used 12695K, committed 13120K, reserved 1048576K
}
Event: 17.898 GC heap after
{Heap after GC invocations=42 (full 0):
 garbage-first heap   total 171008K, used 105874K [0x0000000080000000, 0x0000000100000000)
  region size 1024K, 4 young (4096K), 4 survivors (4096K)
 Metaspace       used 90444K, committed 91264K, reserved 1179648K
  class space    used 12695K, committed 13120K, reserved 1048576K
}
Event: 18.659 GC heap before
{Heap before GC invocations=42 (full 0):
 garbage-first heap   total 171008K, used 142738K [0x0000000080000000, 0x0000000100000000)
  region size 1024K, 41 young (41984K), 4 survivors (4096K)
 Metaspace       used 92468K, committed 93312K, reserved 1179648K
  class space    used 13014K, committed 13440K, reserved 1048576K
}
Event: 18.664 GC heap after
{Heap after GC invocations=43 (full 0):
 garbage-first heap   total 171008K, used 109773K [0x0000000080000000, 0x0000000100000000)
  region size 1024K, 4 young (4096K), 4 survivors (4096K)
 Metaspace       used 92468K, committed 93312K, reserved 1179648K
  class space    used 13014K, committed 13440K, reserved 1048576K
}
Event: 22.519 GC heap before
{Heap before GC invocations=43 (full 0):
 garbage-first heap   total 171008K, used 143565K [0x0000000080000000, 0x0000000100000000)
  region size 1024K, 37 young (37888K), 4 survivors (4096K)
 Metaspace       used 98160K, committed 98944K, reserved 1179648K
  class space    used 13731K, committed 14144K, reserved 1048576K
}
Event: 22.525 GC heap after
{Heap after GC invocations=44 (full 0):
 garbage-first heap   total 171008K, used 113638K [0x0000000080000000, 0x0000000100000000)
  region size 1024K, 4 young (4096K), 4 survivors (4096K)
 Metaspace       used 98160K, committed 98944K, reserved 1179648K
  class space    used 13731K, committed 14144K, reserved 1048576K
}
Event: 23.042 GC heap before
{Heap before GC invocations=44 (full 0):
 garbage-first heap   total 171008K, used 142310K [0x0000000080000000, 0x0000000100000000)
  region size 1024K, 33 young (33792K), 4 survivors (4096K)
 Metaspace       used 100604K, committed 101440K, reserved 1179648K
  class space    used 14000K, committed 14400K, reserved 1048576K
}
Event: 23.047 GC heap after
{Heap after GC invocations=45 (full 0):
 garbage-first heap   total 171008K, used 116787K [0x0000000080000000, 0x0000000100000000)
  region size 1024K, 4 young (4096K), 4 survivors (4096K)
 Metaspace       used 100604K, committed 101440K, reserved 1179648K
  class space    used 14000K, committed 14400K, reserved 1048576K
}

Dll operation events (16 events):
Event: 0.015 Loaded shared library D:\Android\.jdk\corretto-17.0.12\bin\java.dll
Event: 0.097 Loaded shared library D:\Android\.jdk\corretto-17.0.12\bin\jsvml.dll
Event: 0.184 Loaded shared library D:\Android\.jdk\corretto-17.0.12\bin\zip.dll
Event: 0.188 Loaded shared library D:\Android\.jdk\corretto-17.0.12\bin\instrument.dll
Event: 0.197 Loaded shared library D:\Android\.jdk\corretto-17.0.12\bin\net.dll
Event: 0.199 Loaded shared library D:\Android\.jdk\corretto-17.0.12\bin\nio.dll
Event: 0.203 Loaded shared library D:\Android\.jdk\corretto-17.0.12\bin\zip.dll
Event: 0.453 Loaded shared library D:\Android\.jdk\corretto-17.0.12\bin\jimage.dll
Event: 0.531 Loaded shared library D:\Android\.jdk\corretto-17.0.12\bin\verify.dll
Event: 0.749 Loaded shared library D:\Android\.gradle\native\c067742578af261105cb4f569cf0c3c89f3d7b1fecec35dd04571415982c5e48\windows-amd64\native-platform.dll
Event: 0.764 Loaded shared library D:\Android\.gradle\native\38dada09dfb8b06ba9b0570ebf7e218e3eb74d4ef43ca46872605cf95ebc2f47\windows-amd64\native-platform-file-events.dll
Event: 1.759 Loaded shared library D:\Android\.jdk\corretto-17.0.12\bin\management.dll
Event: 1.764 Loaded shared library D:\Android\.jdk\corretto-17.0.12\bin\management_ext.dll
Event: 2.037 Loaded shared library D:\Android\.jdk\corretto-17.0.12\bin\extnet.dll
Event: 2.344 Loaded shared library D:\Android\.jdk\corretto-17.0.12\bin\sunmscapi.dll
Event: 23.264 Loaded shared library C:\Users\Asus\AppData\Local\Temp\native-platform4693513309745677169dir\native-platform.dll

Deoptimization events (20 events):
Event: 23.271 Thread 0x000001a7975a79a0 Uncommon trap: trap_request=0xffffff45 fr.pc=0x000001a73e59d174 relative=0x0000000000000434
Event: 23.271 Thread 0x000001a7975a79a0 Uncommon trap: reason=unstable_if action=reinterpret pc=0x000001a73e59d174 method=java.util.StringJoiner.add(Ljava/lang/CharSequence;)Ljava/util/StringJoiner; @ 33 c2
Event: 23.271 Thread 0x000001a7975a79a0 DEOPT PACKING pc=0x000001a73e59d174 sp=0x00000066fbffd0b0
Event: 23.271 Thread 0x000001a7975a79a0 DEOPT UNPACKING pc=0x000001a73d7c69a3 sp=0x00000066fbffd060 mode 2
Event: 23.295 Thread 0x000001a7975a79a0 Uncommon trap: trap_request=0xffffffde fr.pc=0x000001a73e5adcd4 relative=0x0000000000001b14
Event: 23.295 Thread 0x000001a7975a79a0 Uncommon trap: reason=class_check action=maybe_recompile pc=0x000001a73e5adcd4 method=java.util.concurrent.locks.AbstractQueuedSynchronizer.acquire(Ljava/util/concurrent/locks/AbstractQueuedSynchronizer$Node;IZZZJ)I @ 108 c2
Event: 23.295 Thread 0x000001a7975a79a0 DEOPT PACKING pc=0x000001a73e5adcd4 sp=0x00000066fbffd4a0
Event: 23.295 Thread 0x000001a7975a79a0 DEOPT UNPACKING pc=0x000001a73d7c69a3 sp=0x00000066fbffd488 mode 2
Event: 23.296 Thread 0x000001a7975a7eb0 Uncommon trap: trap_request=0xffffff45 fr.pc=0x000001a73df13b8c relative=0x00000000000000ec
Event: 23.296 Thread 0x000001a7975a7eb0 Uncommon trap: reason=unstable_if action=reinterpret pc=0x000001a73df13b8c method=java.lang.ThreadLocal.get()Ljava/lang/Object; @ 11 c2
Event: 23.296 Thread 0x000001a7975a7eb0 DEOPT PACKING pc=0x000001a73df13b8c sp=0x00000066fc2fe6f0
Event: 23.296 Thread 0x000001a7975a7eb0 DEOPT UNPACKING pc=0x000001a73d7c69a3 sp=0x00000066fc2fe678 mode 2
Event: 23.304 Thread 0x000001a793238040 DEOPT PACKING pc=0x000001a737bff7d3 sp=0x00000066f9afad50
Event: 23.304 Thread 0x000001a793238040 DEOPT UNPACKING pc=0x000001a73d7c7143 sp=0x00000066f9afa260 mode 0
Event: 23.360 Thread 0x000001a793238040 DEOPT PACKING pc=0x000001a7366edefb sp=0x00000066f9afab30
Event: 23.360 Thread 0x000001a793238040 DEOPT UNPACKING pc=0x000001a73d7c7143 sp=0x00000066f9afa050 mode 0
Event: 23.384 Thread 0x000001a793238040 DEOPT PACKING pc=0x000001a737bff648 sp=0x00000066f9afac60
Event: 23.384 Thread 0x000001a793238040 DEOPT UNPACKING pc=0x000001a73d7c7143 sp=0x00000066f9afa160 mode 0
Event: 23.389 Thread 0x000001a793238040 DEOPT PACKING pc=0x000001a737bff7d3 sp=0x00000066f9afaba0
Event: 23.389 Thread 0x000001a793238040 DEOPT UNPACKING pc=0x000001a73d7c7143 sp=0x00000066f9afa0b0 mode 0

Classes loaded (20 events):
Event: 23.098 Loading class java/rmi/UnmarshalException
Event: 23.098 Loading class java/rmi/UnmarshalException done
Event: 23.140 Loading class java/lang/IllegalThreadStateException
Event: 23.140 Loading class java/lang/IllegalThreadStateException done
Event: 23.271 Loading class java/lang/ProcessImpl
Event: 23.272 Loading class java/lang/ProcessImpl done
Event: 23.285 Loading class java/lang/ProcessHandleImpl
Event: 23.286 Loading class java/lang/ProcessHandleImpl done
Event: 23.288 Loading class java/lang/ProcessImpl$2
Event: 23.288 Loading class java/lang/ProcessImpl$2 done
Event: 23.289 Loading class java/lang/Process$PipeInputStream
Event: 23.289 Loading class java/lang/Process$PipeInputStream done
Event: 23.291 Loading class java/lang/ProcessBuilder$NullInputStream
Event: 23.292 Loading class java/lang/ProcessBuilder$NullInputStream done
Event: 23.292 Loading class jdk/internal/event/ProcessStartEvent
Event: 23.292 Loading class jdk/internal/event/ProcessStartEvent done
Event: 23.292 Loading class java/util/concurrent/Semaphore$NonfairSync
Event: 23.292 Loading class java/util/concurrent/Semaphore$Sync
Event: 23.292 Loading class java/util/concurrent/Semaphore$Sync done
Event: 23.292 Loading class java/util/concurrent/Semaphore$NonfairSync done

Classes unloaded (0 events):
No events

Classes redefined (0 events):
No events

Internal exceptions (20 events):
Event: 17.966 Thread 0x000001a798206400 Exception <a 'java/lang/NoSuchMethodError'{0x000000008a12fc18}: static Lcom/android/buildanalyzer/common/AndroidGradlePluginAttributionData$TaskInfo;.<clinit>()V> (0x000000008a12fc18) 
thrown [s\src\hotspot\share\prims\jni.cpp, line 1112]
Event: 17.967 Thread 0x000001a798206400 Exception <a 'java/lang/NoSuchMethodError'{0x000000008a14e170}: static Lcom/android/buildanalyzer/common/AndroidGradlePluginAttributionData$TaskCategoryInfo;.<clinit>()V> (0x000000008a14e170) 
thrown [s\src\hotspot\share\prims\jni.cpp, line 1112]
Event: 17.969 Thread 0x000001a793233450 Exception <a 'sun/nio/fs/WindowsException'{0x000000008a13af90}> (0x000000008a13af90) 
thrown [s\src\hotspot\share\prims\jni.cpp, line 516]
Event: 17.992 Thread 0x000001a7948fe9a0 Exception <a 'java/lang/NoSuchMethodError'{0x0000000089f56670}: static Lorg/gradle/internal/build/event/types/DefaultTaskSkippedResult;.<clinit>()V> (0x0000000089f56670) 
thrown [s\src\hotspot\share\prims\jni.cpp, line 1112]
Event: 18.011 Thread 0x000001a793238550 Exception <a 'java/lang/IncompatibleClassChangeError'{0x0000000089fd6f00}: Found class java.lang.Object, but interface was expected> (0x0000000089fd6f00) 
thrown [s\src\hotspot\share\interpreter\linkResolver.cpp, line 826]
Event: 18.036 Thread 0x000001a793238550 Exception <a 'java/lang/NoSuchMethodError'{0x0000000089ee7ab8}: 'int java.lang.invoke.DirectMethodHandle$Holder.invokeStaticInit(java.lang.Object, java.lang.Object, java.lang.Object, java.lang.Object, java.lang.Object)'> (0x0000000089ee7ab8) 
thrown [s\src\hotspot\share\interpreter\linkResolver.cpp, line 759]
Event: 18.081 Thread 0x000001a793237110 Exception <a 'sun/nio/fs/WindowsException'{0x0000000089c23888}> (0x0000000089c23888) 
thrown [s\src\hotspot\share\prims\jni.cpp, line 516]
Event: 18.180 Thread 0x000001a793238a60 Exception <a 'sun/nio/fs/WindowsException'{0x0000000089a94658}> (0x0000000089a94658) 
thrown [s\src\hotspot\share\prims\jni.cpp, line 516]
Event: 18.230 Thread 0x000001a793238a60 Exception <a 'java/lang/NoSuchMethodError'{0x00000000899e9130}: 'int java.lang.invoke.DirectMethodHandle$Holder.invokeSpecial(java.lang.Object, java.lang.Object, java.lang.Object, java.lang.Object, java.lang.Object)'> (0x00000000899e9130) 
thrown [s\src\hotspot\share\interpreter\linkResolver.cpp, line 759]
Event: 18.529 Thread 0x000001a799b0c3a0 Exception <a 'java/lang/NoSuchMethodError'{0x0000000088c36db0}: 'void java.lang.invoke.DirectMethodHandle$Holder.invokeVirtual(java.lang.Object, java.lang.Object)'> (0x0000000088c36db0) 
thrown [s\src\hotspot\share\interpreter\linkResolver.cpp, line 759]
Event: 18.770 Thread 0x000001a793238a60 Exception <a 'sun/nio/fs/WindowsException'{0x0000000089f23268}> (0x0000000089f23268) 
thrown [s\src\hotspot\share\prims\jni.cpp, line 516]
Event: 23.006 Thread 0x000001a793238a60 Exception <a 'java/lang/NoSuchMethodError'{0x0000000088c1ce60}: static Lorg/jetbrains/kotlin/incremental/ChangedFiles$Unknown;.<clinit>()V> (0x0000000088c1ce60) 
thrown [s\src\hotspot\share\prims\jni.cpp, line 1112]
Event: 23.008 Thread 0x000001a793238a60 Exception <a 'java/lang/NoSuchMethodError'{0x0000000088c4efc0}: static Lorg/jetbrains/kotlin/incremental/ClasspathChanges$ClasspathSnapshotEnabled$NotAvailableForNonIncrementalRun;.<clinit>()V> (0x0000000088c4efc0) 
thrown [s\src\hotspot\share\prims\jni.cpp, line 1112]
Event: 23.008 Thread 0x000001a793238a60 Exception <a 'java/lang/NoSuchMethodError'{0x0000000088c50f48}: static Lorg/jetbrains/kotlin/incremental/ClasspathChanges$ClasspathSnapshotEnabled;.<clinit>()V> (0x0000000088c50f48) 
thrown [s\src\hotspot\share\prims\jni.cpp, line 1112]
Event: 23.009 Thread 0x000001a793238a60 Exception <a 'java/lang/NoSuchMethodError'{0x0000000088c52d30}: static Lorg/jetbrains/kotlin/incremental/ClasspathChanges;.<clinit>()V> (0x0000000088c52d30) 
thrown [s\src\hotspot\share\prims\jni.cpp, line 1112]
Event: 23.284 Thread 0x000001a7975a79a0 Exception <a 'java/lang/NoSuchMethodError'{0x000000008979f0a0}: 'void java.lang.invoke.DirectMethodHandle$Holder.invokeStatic(java.lang.Object, long)'> (0x000000008979f0a0) 
thrown [s\src\hotspot\share\interpreter\linkResolver.cpp, line 759]
Event: 23.285 Thread 0x000001a7975a79a0 Exception <a 'java/lang/NoSuchMethodError'{0x00000000897a7e98}: 'java.lang.Object java.lang.invoke.DirectMethodHandle$Holder.newInvokeSpecial(java.lang.Object, long)'> (0x00000000897a7e98) 
thrown [s\src\hotspot\share\interpreter\linkResolver.cpp, line 759]
Event: 23.287 Thread 0x000001a7975a79a0 Exception <a 'java/lang/NoSuchMethodError'{0x00000000897ce5a8}: 'java.lang.Object java.lang.invoke.DirectMethodHandle$Holder.invokeStatic(java.lang.Object, java.lang.Object, long, java.lang.Object)'> (0x00000000897ce5a8) 
thrown [s\src\hotspot\share\interpreter\linkResolver.cpp, line 759]
Event: 23.288 Thread 0x000001a7975a79a0 Exception <a 'java/lang/NoSuchMethodError'{0x00000000897dedc0}: 'java.lang.Object java.lang.invoke.DirectMethodHandle$Holder.invokeStaticInit(java.lang.Object, java.lang.Object, long, java.lang.Object)'> (0x00000000897dedc0) 
thrown [s\src\hotspot\share\interpreter\linkResolver.cpp, line 759]
Event: 23.296 Thread 0x000001a7975a7eb0 Implicit null exception at 0x000001a73df13add to 0x000001a73df13b78

VM Operations (20 events):
Event: 22.519 Executing VM operation: G1CollectForAllocation
Event: 22.525 Executing VM operation: G1CollectForAllocation done
Event: 22.838 Executing VM operation: ICBufferFull
Event: 22.838 Executing VM operation: ICBufferFull done
Event: 22.878 Executing VM operation: HandshakeAllThreads
Event: 22.878 Executing VM operation: HandshakeAllThreads done
Event: 22.927 Executing VM operation: HandshakeAllThreads
Event: 22.927 Executing VM operation: HandshakeAllThreads done
Event: 22.971 Executing VM operation: HandshakeAllThreads
Event: 22.971 Executing VM operation: HandshakeAllThreads done
Event: 23.003 Executing VM operation: HandshakeAllThreads
Event: 23.003 Executing VM operation: HandshakeAllThreads done
Event: 23.036 Executing VM operation: HandshakeAllThreads
Event: 23.036 Executing VM operation: HandshakeAllThreads done
Event: 23.041 Executing VM operation: G1CollectForAllocation
Event: 23.047 Executing VM operation: G1CollectForAllocation done
Event: 23.291 Executing VM operation: HandshakeAllThreads
Event: 23.291 Executing VM operation: HandshakeAllThreads done
Event: 23.291 Executing VM operation: HandshakeAllThreads
Event: 23.292 Executing VM operation: HandshakeAllThreads done

Events (20 events):
Event: 23.323 Thread 0x000001a74d7e4680 flushing nmethod 0x000001a737c18510
Event: 23.323 Thread 0x000001a74d7e4680 flushing nmethod 0x000001a737c1ea90
Event: 23.323 Thread 0x000001a74d7e4680 flushing nmethod 0x000001a737c1f590
Event: 23.323 Thread 0x000001a74d7e4680 flushing nmethod 0x000001a737c1ff10
Event: 23.323 Thread 0x000001a74d7e4680 flushing nmethod 0x000001a737c21190
Event: 23.323 Thread 0x000001a74d7e4680 flushing nmethod 0x000001a737c21d10
Event: 23.323 Thread 0x000001a74d7e4680 flushing nmethod 0x000001a737c2f010
Event: 23.323 Thread 0x000001a74d7e4680 flushing nmethod 0x000001a737c2f490
Event: 23.323 Thread 0x000001a74d7e4680 flushing nmethod 0x000001a737c2f910
Event: 23.323 Thread 0x000001a74d7e4680 flushing nmethod 0x000001a737c2fd90
Event: 23.323 Thread 0x000001a74d7e4680 flushing nmethod 0x000001a737c30090
Event: 23.323 Thread 0x000001a74d7e4680 flushing nmethod 0x000001a737c30510
Event: 23.323 Thread 0x000001a74d7e4680 flushing nmethod 0x000001a737c32010
Event: 23.323 Thread 0x000001a74d7e4680 flushing nmethod 0x000001a737c62a90
Event: 23.323 Thread 0x000001a74d7e4680 flushing nmethod 0x000001a737c77c10
Event: 23.324 Thread 0x000001a74d7e4680 flushing nmethod 0x000001a737cd9610
Event: 23.324 Thread 0x000001a74d7e4680 flushing nmethod 0x000001a737cd9f10
Event: 23.324 Thread 0x000001a74d7e4680 flushing nmethod 0x000001a737d68c10
Event: 23.324 Thread 0x000001a74d7e4680 flushing nmethod 0x000001a737d71890
Event: 23.324 Thread 0x000001a74d7e4680 flushing nmethod 0x000001a737def010


Dynamic libraries:
0x00007ff6b1f70000 - 0x00007ff6b1f7e000 	D:\Android\.jdk\corretto-17.0.12\bin\java.exe
0x00007ff949ef0000 - 0x00007ff94a107000 	C:\WINDOWS\SYSTEM32\ntdll.dll
0x00007ff9492c0000 - 0x00007ff949384000 	C:\WINDOWS\System32\KERNEL32.DLL
0x00007ff9473d0000 - 0x00007ff947787000 	C:\WINDOWS\System32\KERNELBASE.dll
0x00007ff9416a0000 - 0x00007ff9416bb000 	D:\Android\.jdk\corretto-17.0.12\bin\VCRUNTIME140.dll
0x00007ff940f00000 - 0x00007ff940f17000 	D:\Android\.jdk\corretto-17.0.12\bin\jli.dll
0x00007ff947990000 - 0x00007ff947aa1000 	C:\WINDOWS\System32\ucrtbase.dll
0x00007ff948340000 - 0x00007ff9484ef000 	C:\WINDOWS\System32\USER32.dll
0x00007ff934960000 - 0x00007ff934bf3000 	C:\WINDOWS\WinSxS\amd64_microsoft.windows.common-controls_6595b64144ccf1df_6.0.22621.3672_none_2713b9d173822955\COMCTL32.dll
0x00007ff9477c0000 - 0x00007ff9477e6000 	C:\WINDOWS\System32\win32u.dll
0x00007ff949b40000 - 0x00007ff949be7000 	C:\WINDOWS\System32\msvcrt.dll
0x00007ff949160000 - 0x00007ff949189000 	C:\WINDOWS\System32\GDI32.dll
0x00007ff947870000 - 0x00007ff947988000 	C:\WINDOWS\System32\gdi32full.dll
0x00007ff947200000 - 0x00007ff94729a000 	C:\WINDOWS\System32\msvcp_win.dll
0x00007ff949470000 - 0x00007ff9494a1000 	C:\WINDOWS\System32\IMM32.DLL
0x00007ff90ec70000 - 0x00007ff90ed5b000 	C:\Program Files\Windhawk\Engine\1.5.1\64\windhawk.dll
0x00007ff9490a0000 - 0x00007ff949152000 	C:\WINDOWS\System32\ADVAPI32.dll
0x00007ff948700000 - 0x00007ff9487a8000 	C:\WINDOWS\System32\sechost.dll
0x00007ff9437a0000 - 0x00007ff9438d6000 	C:\WINDOWS\SYSTEM32\WINHTTP.dll
0x00007ff947790000 - 0x00007ff9477b8000 	C:\WINDOWS\System32\bcrypt.dll
0x00007ff949860000 - 0x00007ff949974000 	C:\WINDOWS\System32\RPCRT4.dll
0x00007ff940ee0000 - 0x00007ff940eec000 	D:\Android\.jdk\corretto-17.0.12\bin\vcruntime140_1.dll
0x00007ff917860000 - 0x00007ff9178ed000 	D:\Android\.jdk\corretto-17.0.12\bin\msvcp140.dll
0x00007ff8d66f0000 - 0x00007ff8d735a000 	D:\Android\.jdk\corretto-17.0.12\bin\server\jvm.dll
0x00007ff9487b0000 - 0x00007ff948821000 	C:\WINDOWS\System32\WS2_32.dll
0x00007ff9460d0000 - 0x00007ff94611d000 	C:\WINDOWS\SYSTEM32\POWRPROF.dll
0x00007ff945ed0000 - 0x00007ff945eda000 	C:\WINDOWS\SYSTEM32\VERSION.dll
0x00007ff9427c0000 - 0x00007ff9427f4000 	C:\WINDOWS\SYSTEM32\WINMM.dll
0x00007ff946090000 - 0x00007ff9460a3000 	C:\WINDOWS\SYSTEM32\UMPDC.dll
0x00007ff946340000 - 0x00007ff946358000 	C:\WINDOWS\SYSTEM32\kernel.appcore.dll
0x00007ff933590000 - 0x00007ff93359a000 	D:\Android\.jdk\corretto-17.0.12\bin\jimage.dll
0x00007ff945570000 - 0x00007ff9457a2000 	C:\WINDOWS\SYSTEM32\DBGHELP.DLL
0x00007ff9494b0000 - 0x00007ff94983e000 	C:\WINDOWS\System32\combase.dll
0x00007ff947c20000 - 0x00007ff947cf7000 	C:\WINDOWS\System32\OLEAUT32.dll
0x00007ff93e3f0000 - 0x00007ff93e422000 	C:\WINDOWS\SYSTEM32\dbgcore.DLL
0x00007ff9477f0000 - 0x00007ff94786b000 	C:\WINDOWS\System32\bcryptPrimitives.dll
0x00007ff932320000 - 0x00007ff93232e000 	D:\Android\.jdk\corretto-17.0.12\bin\instrument.dll
0x00007ff931ad0000 - 0x00007ff931af5000 	D:\Android\.jdk\corretto-17.0.12\bin\java.dll
0x00007ff90ed60000 - 0x00007ff90ee37000 	D:\Android\.jdk\corretto-17.0.12\bin\jsvml.dll
0x00007ff948830000 - 0x00007ff949099000 	C:\WINDOWS\System32\SHELL32.dll
0x00007ff944bc0000 - 0x00007ff9454bf000 	C:\WINDOWS\SYSTEM32\windows.storage.dll
0x00007ff944a80000 - 0x00007ff944bbf000 	C:\WINDOWS\SYSTEM32\wintypes.dll
0x00007ff949d00000 - 0x00007ff949df9000 	C:\WINDOWS\System32\SHCORE.dll
0x00007ff9493f0000 - 0x00007ff94944e000 	C:\WINDOWS\System32\shlwapi.dll
0x00007ff947130000 - 0x00007ff947157000 	C:\WINDOWS\SYSTEM32\profapi.dll
0x00007ff932290000 - 0x00007ff9322a8000 	D:\Android\.jdk\corretto-17.0.12\bin\zip.dll
0x00007ff931e30000 - 0x00007ff931e49000 	D:\Android\.jdk\corretto-17.0.12\bin\net.dll
0x00007ff9467b0000 - 0x00007ff946819000 	C:\WINDOWS\system32\mswsock.dll
0x00007ff931540000 - 0x00007ff931556000 	D:\Android\.jdk\corretto-17.0.12\bin\nio.dll
0x00007ff932050000 - 0x00007ff932060000 	D:\Android\.jdk\corretto-17.0.12\bin\verify.dll
0x00007ff931560000 - 0x00007ff931587000 	D:\Android\.gradle\native\c067742578af261105cb4f569cf0c3c89f3d7b1fecec35dd04571415982c5e48\windows-amd64\native-platform.dll
0x00007ff9072b0000 - 0x00007ff9073f4000 	D:\Android\.gradle\native\38dada09dfb8b06ba9b0570ebf7e218e3eb74d4ef43ca46872605cf95ebc2f47\windows-amd64\native-platform-file-events.dll
0x00007ff931ba0000 - 0x00007ff931ba9000 	D:\Android\.jdk\corretto-17.0.12\bin\management.dll
0x00007ff931ac0000 - 0x00007ff931acb000 	D:\Android\.jdk\corretto-17.0.12\bin\management_ext.dll
0x00007ff949ea0000 - 0x00007ff949ea8000 	C:\WINDOWS\System32\PSAPI.DLL
0x00007ff946a00000 - 0x00007ff946a1b000 	C:\WINDOWS\SYSTEM32\CRYPTSP.dll
0x00007ff9462a0000 - 0x00007ff9462d5000 	C:\WINDOWS\system32\rsaenh.dll
0x00007ff9468a0000 - 0x00007ff9468c8000 	C:\WINDOWS\SYSTEM32\USERENV.dll
0x00007ff946a20000 - 0x00007ff946a2c000 	C:\WINDOWS\SYSTEM32\CRYPTBASE.dll
0x00007ff945a20000 - 0x00007ff945a4d000 	C:\WINDOWS\SYSTEM32\IPHLPAPI.DLL
0x00007ff9493e0000 - 0x00007ff9493e9000 	C:\WINDOWS\System32\NSI.dll
0x00007ff9435e0000 - 0x00007ff9435f9000 	C:\WINDOWS\SYSTEM32\dhcpcsvc6.DLL
0x00007ff9435a0000 - 0x00007ff9435bf000 	C:\WINDOWS\SYSTEM32\dhcpcsvc.DLL
0x00007ff945a50000 - 0x00007ff945b52000 	C:\WINDOWS\SYSTEM32\DNSAPI.dll
0x00007ff9315d0000 - 0x00007ff9315d9000 	D:\Android\.jdk\corretto-17.0.12\bin\extnet.dll
0x00007ff9305d0000 - 0x00007ff9305de000 	D:\Android\.jdk\corretto-17.0.12\bin\sunmscapi.dll
0x00007ff947ab0000 - 0x00007ff947c16000 	C:\WINDOWS\System32\CRYPT32.dll
0x00007ff946ba0000 - 0x00007ff946bce000 	C:\WINDOWS\SYSTEM32\ncrypt.dll
0x00007ff946b60000 - 0x00007ff946b97000 	C:\WINDOWS\SYSTEM32\NTASN1.dll
0x00007ff942500000 - 0x00007ff942508000 	C:\WINDOWS\system32\wshunix.dll
0x00007ff92f180000 - 0x00007ff92f197000 	C:\WINDOWS\system32\napinsp.dll
0x00007ff92f160000 - 0x00007ff92f17b000 	C:\WINDOWS\system32\pnrpnsp.dll
0x00007ff921510000 - 0x00007ff921537000 	C:\WINDOWS\system32\nlansp_c.dll
0x00007ff92f140000 - 0x00007ff92f151000 	C:\WINDOWS\System32\winrnr.dll
0x00007ff918a70000 - 0x00007ff918a85000 	C:\WINDOWS\system32\wshbth.dll
0x00007ff943400000 - 0x00007ff94340a000 	C:\Windows\System32\rasadhlp.dll
0x00007ff9426b0000 - 0x00007ff942733000 	C:\WINDOWS\System32\fwpuclnt.dll
0x00007ff9305b0000 - 0x00007ff9305ce000 	C:\Users\Asus\AppData\Local\Temp\native-platform4693513309745677169dir\native-platform.dll

dbghelp: loaded successfully - version: 4.0.5 - missing functions: none
symbol engine: initialized successfully - sym options: 0x614 - pdb path: .;D:\Android\.jdk\corretto-17.0.12\bin;C:\WINDOWS\SYSTEM32;C:\WINDOWS\WinSxS\amd64_microsoft.windows.common-controls_6595b64144ccf1df_6.0.22621.3672_none_2713b9d173822955;C:\Program Files\Windhawk\Engine\1.5.1\64;D:\Android\.jdk\corretto-17.0.12\bin\server;D:\Android\.gradle\native\c067742578af261105cb4f569cf0c3c89f3d7b1fecec35dd04571415982c5e48\windows-amd64;D:\Android\.gradle\native\38dada09dfb8b06ba9b0570ebf7e218e3eb74d4ef43ca46872605cf95ebc2f47\windows-amd64;C:\Users\Asus\AppData\Local\Temp\native-platform4693513309745677169dir

VM Arguments:
jvm_args: --add-opens=java.base/java.util=ALL-UNNAMED --add-opens=java.base/java.lang=ALL-UNNAMED --add-opens=java.base/java.lang.invoke=ALL-UNNAMED --add-opens=java.prefs/java.util.prefs=ALL-UNNAMED --add-opens=java.base/java.nio.charset=ALL-UNNAMED --add-opens=java.base/java.net=ALL-UNNAMED --add-opens=java.base/java.util.concurrent.atomic=ALL-UNNAMED -Xmx2048m -Dfile.encoding=UTF-8 -Duser.country=US -Duser.language=en -Duser.variant -javaagent:D:\Android\.gradle\wrapper\dists\gradle-8.7-bin\bhs2wmbdwecv87pi65oeuq5iu\gradle-8.7\lib\agents\gradle-instrumentation-agent-8.7.jar 
java_command: org.gradle.launcher.daemon.bootstrap.GradleDaemon 8.7
java_class_path (initial): D:\Android\.gradle\wrapper\dists\gradle-8.7-bin\bhs2wmbdwecv87pi65oeuq5iu\gradle-8.7\lib\gradle-launcher-8.7.jar
Launcher Type: SUN_STANDARD

[Global flags]
     intx CICompilerCount                          = 12                                        {product} {ergonomic}
     uint ConcGCThreads                            = 3                                         {product} {ergonomic}
     uint G1ConcRefinementThreads                  = 13                                        {product} {ergonomic}
   size_t G1HeapRegionSize                         = 1048576                                   {product} {ergonomic}
    uintx GCDrainStackTargetSize                   = 64                                        {product} {ergonomic}
   size_t InitialHeapSize                          = 255852544                                 {product} {ergonomic}
   size_t MarkStackSize                            = 4194304                                   {product} {ergonomic}
   size_t MaxHeapSize                              = 2147483648                                {product} {command line}
   size_t MaxNewSize                               = 1287651328                                {product} {ergonomic}
   size_t MinHeapDeltaBytes                        = 1048576                                   {product} {ergonomic}
   size_t MinHeapSize                              = 8388608                                   {product} {ergonomic}
    uintx NonNMethodCodeHeapSize                   = 7602480                                {pd product} {ergonomic}
    uintx NonProfiledCodeHeapSize                  = 122027880                              {pd product} {ergonomic}
    uintx ProfiledCodeHeapSize                     = 122027880                              {pd product} {ergonomic}
    uintx ReservedCodeCacheSize                    = 251658240                              {pd product} {ergonomic}
     bool SegmentedCodeCache                       = true                                      {product} {ergonomic}
   size_t SoftMaxHeapSize                          = 2147483648                             {manageable} {ergonomic}
     bool UseCompressedClassPointers               = true                           {product lp64_product} {ergonomic}
     bool UseCompressedOops                        = true                           {product lp64_product} {ergonomic}
     bool UseG1GC                                  = true                                      {product} {ergonomic}
     bool UseLargePagesIndividualAllocation        = false                                  {pd product} {ergonomic}

Logging:
Log output configuration:
 #0: stdout all=warning uptime,level,tags
 #1: stderr all=off uptime,level,tags

Environment Variables:
PATH=C:\WINDOWS\system32;C:\WINDOWS;C:\WINDOWS\System32\Wbem;C:\WINDOWS\System32\WindowsPowerShell\v1.0\;C:\WINDOWS\System32\OpenSSH\;C:\Program Files\dotnet\;C:\Program Files (x86)\NVIDIA Corporation\PhysX\Common;C:\Program Files\NVIDIA Corporation\NVIDIA NvDLISR;C:\Program Files\Git\cmd;C:\Users\Asus\AppData\Local\Microsoft\WindowsApps;
USERNAME=Asus
OS=Windows_NT
PROCESSOR_IDENTIFIER=AMD64 Family 25 Model 68 Stepping 1, AuthenticAMD
TMP=C:\Users\Asus\AppData\Local\Temp
TEMP=C:\Users\Asus\AppData\Local\Temp



Periodic native trim disabled


---------------  S Y S T E M  ---------------

OS:
 Windows 11 , 64 bit Build 22621 (10.0.22621.3958)
OS uptime: 1 days 22:53 hours

CPU: total 16 (initial active 16) (16 cores per cpu, 2 threads per core) family 25 model 68 stepping 1 microcode 0x0, cx8, cmov, fxsr, ht, mmx, 3dnowpref, sse, sse2, sse3, ssse3, sse4a, sse4.1, sse4.2, popcnt, lzcnt, tsc, tscinvbit, avx, avx2, aes, clmul, bmi1, bmi2, adx, sha, fma, vzeroupper, clflush, clflushopt
Processor Information for all 16 processors :
  Max Mhz: 3201, Current Mhz: 2508, Mhz Limit: 3201

Memory: 4k page, system-wide physical 15608M (780M free)
TotalPageFile size 22009M (AvailPageFile size 333M)
current process WorkingSet (physical memory assigned to process): 464M, peak: 468M
current process commit charge ("private bytes"): 517M, peak: 522M

vm_info: OpenJDK 64-Bit Server VM (17.0.12+7-LTS) for windows-amd64 JRE (17.0.12+7-LTS), built on Jul 10 2024 20:46:33 by "Administrator" with MS VC++ 16.10 / 16.11 (VS2019)

END.
